C51 COMPILER V9.57.0.0   CARD                                                              08/04/2022 09:41:27 PAGE 1   


C51 COMPILER V9.57.0.0, COMPILATION OF MODULE CARD
OBJECT MODULE PLACED IN .\Objects\Card.obj
COMPILER INVOKED BY: D:\keil-c51\C51\BIN\C51.EXE UserSrc\Card.c LARGE OPTIMIZE(8,SPEED) BROWSE NOINTPROMOTE INCDIR(.\Use
                    -rSrc;.\StcLib;.\UserSrc\ENG) DEBUG OBJECTEXTEND PRINT(.\Listings\Card.lst) TABS(2) OBJECT(.\Objects\Card.obj)

line level    source

   1          #include "Card.h"
   2          #include "Driver.h"
   3          #include "Eeprom.h"
   4          #include "SysString.h"
   5          #include "stdio.h"
   6          #include "Lcd12864.h"
   7          #include "SysStatus.h"
   8          #include "NameList.h"
   9          #include "RfidCard.h"
  10          
  11          void SaveCardCount(void)
  12          {
  13   1        writeBuf_at24c02(USER_PARA_ADDR+((uint16_t)((uint32_t)(&UsrPara.CardCount)-(uint32_t)(&UsrPara))), (uint8
             -_t *)&UsrPara.CardCount,sizeof(UsrPara.CardCount));
  14   1      }
  15          
  16          void ClearCard(void)
  17          {
  18   1        UsrPara.CardCount = 0;
  19   1        SaveCardCount();
  20   1      }
  21          
  22          void InitCard(void)
  23          {
  24   1        if(UsrPara.CardCount > CARD_COUNT)
  25   1        {
  26   2          ClearCard();
  27   2        }
  28   1      }
  29          
  30          void WriteCardByIdx(uint16_t idx,CardItemType *pItem)
  31          {
  32   1        uint16_t addr = (uint16_t)idx;
  33   1        addr *= sizeof(CardItemType);
  34   1        writeBuf_at24c02(USER_CARD_ADDR+addr, (uint8_t *)pItem,sizeof(CardItemType));
  35   1      }
  36          
  37          void ReadCardByIdx(uint16_t idx,CardItemType *pItem)
  38          {
  39   1        uint16_t addr = (uint16_t)idx;
  40   1        addr *= sizeof(CardItemType);
  41   1        readBuf_at24c02(USER_CARD_ADDR+addr, (uint8_t *)pItem,sizeof(CardItemType));
  42   1      }
  43          
  44          //uint16_t GetCardByRoom(uint16_t room,CardItemType *pItem)
  45          //{
  46          //  uint16_t idx = 0xFFFF;
  47          //  idx = GetIdxByRoom(room,CARD_LIST);
  48          //  if(idx != 0xFFFF)
  49          //  {
  50          //    ReadCardByIdx(idx,pItem);
  51          //    return idx;
  52          //  }
  53          //  return 0xFFFF;
C51 COMPILER V9.57.0.0   CARD                                                              08/04/2022 09:41:27 PAGE 2   

  54          //}
  55          
  56          uint16_t CheckCard(uint8_t *card)
  57          {
  58   1        CardItemType tmpItem;
  59   1        uint16_t idx = 0;
  60   1        uint8_t i;
  61   1        if(UsrPara.CardCount == 0)
  62   1        {
  63   2          return 0xFFFF;
  64   2        }
  65   1        while(idx < UsrPara.CardCount)
  66   1        {
  67   2          ReadCardByIdx(idx,&tmpItem);
  68   2          for(i=0;i<RFID_CARD_LEN;i++)
  69   2          {
  70   3            if(tmpItem.Card[i] != card[i])
  71   3            {
  72   4              break;
  73   4            }
  74   3          }
  75   2          if(i == RFID_CARD_LEN)
  76   2          {
  77   3            printf("CheckCard:%bd\r\n",idx);
  78   3            return idx;
  79   3          }
  80   2          idx++;
  81   2        }
  82   1        return 0xFFFF;
  83   1      }
  84          
  85          uint16_t AddCardItem(CardItemType *pItem)
  86          {
  87   1        CardItemType tmpItem;
  88   1        uint16_t idx = 0;
  89   1        uint8_t i;
  90   1        while(idx < UsrPara.CardCount)
  91   1        {
  92   2          ReadCardByIdx(idx,&tmpItem);
  93   2          
  94   2          if(tmpItem.Room == pItem->Room)
  95   2          {
  96   3            for(i=0;i<RFID_CARD_LEN;i++)
  97   3            {
  98   4              if(tmpItem.Card[i] != pItem->Card[i])
  99   4              {
 100   5                break;
 101   5              }
 102   4            }
 103   3            if(i == RFID_CARD_LEN)
 104   3            {
 105   4              return idx;
 106   4            }
 107   3          }
 108   2          idx++;
 109   2        }
 110   1        if(UsrPara.CardCount < CARD_COUNT)
 111   1        {
 112   2          WriteCardByIdx(UsrPara.CardCount,pItem);
 113   2          UsrPara.CardCount++;
 114   2          SaveCardCount();
 115   2          return UsrPara.CardCount-1;
C51 COMPILER V9.57.0.0   CARD                                                              08/04/2022 09:41:27 PAGE 3   

 116   2        }
 117   1        return 0xFFFF;
 118   1      }
 119          
 120          void DelCardByIdx(uint16_t idx)
 121          {
 122   1        CardItemType tmpItem;
 123   1        if(idx < UsrPara.CardCount)
 124   1        {
 125   2          if(idx == (UsrPara.CardCount-1))
 126   2          {
 127   3            UsrPara.CardCount--;
 128   3            SaveCardCount();
 129   3          }
 130   2          else
 131   2          {
 132   3            UsrPara.CardCount--;
 133   3            SaveCardCount();
 134   3            ReadCardByIdx(UsrPara.CardCount,&tmpItem);
 135   3            WriteCardByIdx(idx,&tmpItem);
 136   3          }
 137   2        }
 138   1      }
 139          
 140          void DelCardByRoom(uint16_t room)
 141          {
 142   1        uint16_t idx = GetIdxByRoom(room,CARD_LIST);
 143   1        while(idx != 0xFFFF)
 144   1        {
 145   2          DelCardByIdx(idx);
 146   2          idx = GetIdxByRoom(room,CARD_LIST);
 147   2        }
 148   1      }
 149          
 150          void DelCardByCard(uint8_t *card)
 151          {
 152   1        uint16_t idx = CheckCard(card);
 153   1        while(idx != 0xFFFF)
 154   1        {
 155   2          DelCardByIdx(idx);
 156   2          idx = CheckCard(card);
 157   2        }
 158   1      }
 159          
 160          
 161          CardItemType CardEditItem;
 162          static uint8_t CardEditMidx = 0;
 163          static uint8_t CardEditIdx = 0;
 164          
 165          void ShowCard(CardItemType *pItem,bool edit)
 166          {
 167   1      //  uint8_t i;
 168   1        uint32_t num;
 169   1        char Disbuf[60];
 170   1        LcdClear();
 171   1      //  if(pItem->Room > 0)
 172   1      //  {
 173   1      //    sprintf(Disbuf,"%s%u",StrTabNum,pItem->Room); 
 174   1      //  }
 175   1      //  else
 176   1      //  {
 177   1      //    sprintf(Disbuf,"%s%",StrTabNum);
C51 COMPILER V9.57.0.0   CARD                                                              08/04/2022 09:41:27 PAGE 4   

 178   1      //  }
 179   1      //  DisplayString(1,0,Disbuf);
 180   1        //      
 181   1        #ifdef LANGUAGE_HB
                if(pItem->Room > 0)
                {
                //  sprintf(Disbuf,"%s%u",StrTabNum,pItem->Room); 
                  DisplayString(1,0,StrTabNum);
                  sprintf(Disbuf,"%u",pItem->Room);
                  DisplayString(1,(16-HBstrlen(StrTabNum)-strlen(Disbuf)),Disbuf);
                }
                else
                {
                  //sprintf(Disbuf,"%s%",StrTabNum);
                  DisplayString(1,0,StrTabNum);
                } 
                #else
 195   1        if(pItem->Room > 0)
 196   1        {
 197   2          sprintf(Disbuf,"%s%u",StrTabNum,pItem->Room); 
 198   2        }
 199   1        else
 200   1        {
 201   2          sprintf(Disbuf,"%s%",StrTabNum);
 202   2        }
 203   1        DisplayString(1,0,Disbuf);
 204   1        #endif
 205   1        
 206   1        if(CardEditMidx == 0)
 207   1        {
 208   2        #ifdef LANGUAGE_HB  
                  //SetFlash(1,10-CardEditIdx);
                  SetFlash(1,15-HBstrlen(StrTabNum));
                #else
 212   2          SetFlash(1,strlen((uint8_t *)Disbuf));
 213   2        #endif
 214   2        }
 215   1        if(edit)
 216   1        {
 217   2          //sprintf(Disbuf,"%s",StrTabCard);
 218   2          DisplayString(2,0,StrTabCard);
 219   2          if(!MemIsEmpty(pItem->Card,RFID_CARD_LEN))
 220   2          {
 221   3      //      for(i=0;i<RFID_CARD_LEN;i++)
 222   3      //      {
 223   3      //        sprintf(Disbuf,"%s%b02X",Disbuf,pItem->Card[i]);
 224   3      //      }
 225   3            num = pItem->Card[0];
 226   3            num <<= 8;
 227   3            num |= pItem->Card[1];
 228   3            num <<= 8;
 229   3            num |= pItem->Card[2];
 230   3            num <<= 8;
 231   3            num |= pItem->Card[3];
 232   3          #ifdef LANGUAGE_HB  
                    sprintf(Disbuf,"%lu",num>>8);
                    DisplayString(2,(16-HBstrlen(StrTabCard)-strlen(Disbuf)),Disbuf);
                  #else 
 236   3            sprintf(Disbuf,"%s %lu",StrTabCard,num>>8);
 237   3            DisplayString(2,0,Disbuf);
 238   3          #endif
 239   3          }
C51 COMPILER V9.57.0.0   CARD                                                              08/04/2022 09:41:27 PAGE 5   

 240   2          //DisplayString(2,0,Disbuf);
 241   2        }
 242   1      }
 243          
 244          void EditCardCon(void)
 245          {
 246   1        ClearBuf((uint8_t *)&CardEditItem,sizeof(CardItemType));
 247   1        CardEditMidx = 0;
 248   1        CardEditIdx = 0;
 249   1        SysStatus = SYS_EDIT_CARD;
 250   1        ShowCard(&CardEditItem,true);
 251   1      }
 252          
 253          void CardEditKey(uint8_t key)
 254          {
 255   1        uint16_t tmp;
 256   1        static bool Saved = false;
 257   1        if(key == KEY_SURE)
 258   1        {
 259   2          if(CardEditMidx == 1)
 260   2          {
 261   3            if(Saved)
 262   3            {
 263   4              ClearBuf((uint8_t *)&CardEditItem,sizeof(CardEditItem));
 264   4              CardEditIdx = 0;
 265   4            }
 266   3            else
 267   3            {
 268   4              if((CardEditItem.Room > 0)
 269   4                && (!MemIsEmpty(CardEditItem.Card,RFID_CARD_LEN)))
 270   4              {
 271   5                if(AddCardItem(&CardEditItem) != 0xFFFF)
 272   5                {
 273   6                  ShowSaveOK();
 274   6                }
 275   5                else
 276   5                {
 277   6                  ShowErr();
 278   6                }
 279   5                ClearBuf((uint8_t *)&CardEditItem,sizeof(CardEditItem));
 280   5                Saved = true;
 281   5              }
 282   4              else
 283   4              {
 284   5                ShowErr();
 285   5              }
 286   4              return;
 287   4            }
 288   3          }
 289   2          CardEditMidx++;
 290   2          CardEditMidx %= 2;
 291   2          CardEditIdx = 0;
 292   2          switch(CardEditMidx)
 293   2          {
 294   3            case 0:
 295   3              CardEditIdx = 0;
 296   3              tmp = CardEditItem.Room;
 297   3              while(tmp > 0)
 298   3              {
 299   4                CardEditIdx++;
 300   4                tmp /= 10;
 301   4              }
C51 COMPILER V9.57.0.0   CARD                                                              08/04/2022 09:41:27 PAGE 6   

 302   3              break;
 303   3            case 1:
 304   3      //        ClearBuf((uint8_t *)&CardEditItem.Card,sizeof(CardEditItem.Card));
 305   3      //        CardEditIdx = 0;
 306   3      //        break;
 307   3      //      case 2:
 308   3              ShowConfirmSave();
 309   3              Saved = false;
 310   3              return;
 311   3          }
 312   2        }
 313   1        else if(key == KEY_DEL)
 314   1        {
 315   2          switch(CardEditMidx)
 316   2          {
 317   3            case 0:
 318   3              if(CardEditIdx > 0)
 319   3              {
 320   4                CardEditIdx--;
 321   4                CardEditItem.Room /= 10;
 322   4              }
 323   3              else
 324   3              {
 325   4                CardSetCon();
 326   4                return;
 327   4              }
 328   3              break;
 329   3      //      case 1:
 330   3      //        if(CardEditIdx > 0)
 331   3      //        {
 332   3      //          CardEditIdx--;
 333   3      //          CardEditItem.Card[CardEditIdx] = 0;
 334   3      //        }
 335   3      //        else
 336   3      //        {
 337   3      //          CardEditMidx = 0;
 338   3      //          CardEditIdx = 0;
 339   3      //          tmp = CardEditItem.Room;
 340   3      //          while(tmp > 0)
 341   3      //          {
 342   3      //            CardEditIdx++;
 343   3      //            tmp /= 10;
 344   3      //          }
 345   3      //        }
 346   3      //        break;
 347   3            case 1:
 348   3              CardEditMidx = 0;
 349   3              CardEditIdx = 0;
 350   3              tmp = CardEditItem.Room;
 351   3              while(tmp > 0)
 352   3              {
 353   4                CardEditIdx++;
 354   4                tmp /= 10;
 355   4              }
 356   3              break;
 357   3          }
 358   2        }
 359   1        else if(key == KEY_BELL)
 360   1        {
 361   2          CardSetCon();
 362   2          return;
 363   2        }
C51 COMPILER V9.57.0.0   CARD                                                              08/04/2022 09:41:27 PAGE 7   

 364   1      
 365   1        if((key >= 0) && (key <= 9))
 366   1        {
 367   2          switch(CardEditMidx)
 368   2          {
 369   3            case 0:
 370   3              if(CardEditIdx < 4)
 371   3              {
 372   4                CardEditItem.Room *= 10;
 373   4                CardEditItem.Room += key;
 374   4                CardEditIdx++;
 375   4                if(CardEditItem.Room == 0)
 376   4                {
 377   5                  CardEditIdx = 0;
 378   5                }
 379   4              }
 380   3              break;
 381   3      //      case 1:
 382   3      //        if(CardEditIdx < CARD_LEN)
 383   3      //        {
 384   3      //          CardEditItem.Card[CardEditIdx++] = key+'0';
 385   3      //        }
 386   3      //        break;
 387   3          }
 388   2        }
 389   1        ShowCard(&CardEditItem,true);
 390   1      }
 391          
 392          void CardEditCardIn(uint8_t *card)
 393          {
 394   1      //  uint8_t i;
 395   1      //  ClearBuf((uint8_t *)&CardEditItem.Card,sizeof(CardEditItem.Card));
 396   1      //  for(i=0;i<RFID_CARD_LEN;i++)
 397   1      //  {
 398   1      //    sprintf(CardEditItem.Card,"%s%b02X",CardEditItem.Card,card[i]);
 399   1      //  }
 400   1      //  CardEditMidx = 1;
 401   1      //  CardEditIdx = strlen(CardEditItem.Card);
 402   1        HS_memcpy(CardEditItem.Card,card,RFID_CARD_LEN);
 403   1        ShowCard(&CardEditItem,true);
 404   1      }
 405          
 406          void DeleteCardCon(void)
 407          {
 408   1        ClearBuf((uint8_t *)&CardEditItem,sizeof(PswEditType));
 409   1        CardEditMidx = 0;
 410   1        CardEditIdx = 0;
 411   1        SysStatus = SYS_DEL_CARD;
 412   1        ShowCard(&CardEditItem,!MemIsEmpty(CardEditItem.Card,RFID_CARD_LEN));
 413   1      }
 414          
 415          void CardDeleteKey(uint8_t key)
 416          {
 417   1        uint16_t tmp;
 418   1        static bool Saved = false;
 419   1        if(key == KEY_SURE)
 420   1        {
 421   2          if(CardEditMidx == 1)
 422   2          {
 423   3            if(Saved)
 424   3            {
 425   4              ClearBuf((uint8_t *)&CardEditItem,sizeof(CardEditItem));
C51 COMPILER V9.57.0.0   CARD                                                              08/04/2022 09:41:27 PAGE 8   

 426   4              CardEditIdx = 0;
 427   4            }
 428   3            else
 429   3            {
 430   4              if(!MemIsEmpty(CardEditItem.Card,RFID_CARD_LEN))
 431   4              {
 432   5                DelCardByCard(CardEditItem.Card);
 433   5                ClearBuf((uint8_t *)&CardEditItem,sizeof(CardEditItem));
 434   5                Saved = true;
 435   5                ShowDeleteOK();
 436   5              }
 437   4              else if(CardEditItem.Room > 0)
 438   4              {
 439   5                DelCardByRoom(CardEditItem.Room);
 440   5                ClearBuf((uint8_t *)&CardEditItem,sizeof(CardEditItem));
 441   5                Saved = true;
 442   5                ShowDeleteOK();
 443   5              }
 444   4              return;
 445   4            }
 446   3          }
 447   2          CardEditMidx++;
 448   2          CardEditMidx %= 2;
 449   2          CardEditIdx = 0;
 450   2          switch(CardEditMidx)
 451   2          {
 452   3            case 0:
 453   3              CardEditIdx = 0;
 454   3              tmp = CardEditItem.Room;
 455   3              while(tmp > 0)
 456   3              {
 457   4                CardEditIdx++;
 458   4                tmp /= 10;
 459   4              }
 460   3              break;
 461   3            case 1:
 462   3              ShowConfirmDel();
 463   3              Saved = false;
 464   3              return;
 465   3          }
 466   2        }
 467   1        else if(key == KEY_DEL)
 468   1        {
 469   2          switch(CardEditMidx)
 470   2          {
 471   3            case 0:
 472   3              if(CardEditIdx > 0)
 473   3              {
 474   4                CardEditIdx--;
 475   4                CardEditItem.Room /= 10;
 476   4              }
 477   3              else
 478   3              {
 479   4                CardSetCon();
 480   4                return;
 481   4              }
 482   3              break;
 483   3            case 1:
 484   3              CardEditMidx = 0;
 485   3              CardEditIdx = 0;
 486   3              tmp = CardEditItem.Room;
 487   3              while(tmp > 0)
C51 COMPILER V9.57.0.0   CARD                                                              08/04/2022 09:41:27 PAGE 9   

 488   3              {
 489   4                CardEditIdx++;
 490   4                tmp /= 10;
 491   4              }
 492   3              break;
 493   3          }
 494   2        }
 495   1        else if(key == KEY_BELL)
 496   1        {
 497   2          CardSetCon();
 498   2          return;
 499   2        }
 500   1      
 501   1        if((key >= 0) && (key <= 9))
 502   1        {
 503   2          switch(CardEditMidx)
 504   2          {
 505   3            case 0:
 506   3              if(CardEditIdx < 4)
 507   3              {
 508   4                CardEditItem.Room *= 10;
 509   4                CardEditItem.Room += key;
 510   4                CardEditIdx++;
 511   4              }
 512   3              if(CardEditItem.Room == 0)
 513   3              {
 514   4                CardEditIdx = 0;
 515   4              }
 516   3              break;
 517   3          }
 518   2        }
 519   1        ShowCard(&CardEditItem,!MemIsEmpty(CardEditItem.Card,RFID_CARD_LEN));
 520   1      }
 521          
 522          void DeleteAllCardCon(void)
 523          {
 524   1        SysStatus = SYS_DEL_ALLCARD;
 525   1        LcdClear();
 526   1        DisplayString(1,0,StrTabDelAllCard);
 527   1      }
 528          void CardDelAllKey(uint8_t key)
 529          {
 530   1        switch(key)
 531   1        {
 532   2          case KEY_SURE:
 533   2            ClearCard();
 534   2            ShowDeleteOK();
 535   2            break;
 536   2          case KEY_BELL:
 537   2          case KEY_DEL:
 538   2            CardSetCon();
 539   2            break;
 540   2        }
 541   1      }
 542          
 543          void CardSetCon(void)
 544          {
 545   1        uint8_t Disbuf[10];
 546   1        
 547   1        SysStatus = SYS_SET_CARD;
 548   1        
 549   1        LcdClear();
C51 COMPILER V9.57.0.0   CARD                                                              08/04/2022 09:41:27 PAGE 10  

 550   1        DisplayString(0,0,StrTabCardSet1);
 551   1        DisplayString(1,0,StrTabCardSet2);
 552   1        DisplayString(2,0,StrTabCardSet3);
 553   1        DisplayString(3,0,StrTabListCount);
 554   1        sprintf(Disbuf,"%u",UsrPara.CardCount);
 555   1        #ifdef LANGUAGE_HB  
                DisplayString(3,15-HBstrlen(StrTabListCount)-strlen(Disbuf),Disbuf);
                #else 
 558   1        DisplayString(3,6,Disbuf);
 559   1        #endif
 560   1      
 561   1      }
 562          
 563          void CardSetKey(uint8_t key)
 564          {
 565   1        switch(key)
 566   1        {
 567   2          case 1:
 568   2            EditCardCon();
 569   2            break;
 570   2          case 2:
 571   2            DeleteCardCon();
 572   2            break;
 573   2          case 3:
 574   2            DeleteAllCardCon();
 575   2            break;
 576   2          case KEY_DEL:
 577   2          case KEY_BELL:
 578   2            SysSettingCon();
 579   2            break;
 580   2        }
 581   1      }


MODULE INFORMATION:   STATIC OVERLAYABLE
   CODE SIZE        =   2493    ----
   CONSTANT SIZE    =     35    ----
   XDATA SIZE       =      8     127
   PDATA SIZE       =   ----    ----
   DATA SIZE        =   ----    ----
   IDATA SIZE       =   ----    ----
   BIT SIZE         =      2       1
END OF MODULE INFORMATION.


C51 COMPILATION COMPLETE.  0 WARNING(S),  0 ERROR(S)
