C51 COMPILER V9.57.0.0   DRIVER                                                            08/04/2022 16:08:16 PAGE 1   


C51 COMPILER V9.57.0.0, COMPILATION OF MODULE DRIVER
OBJECT MODULE PLACED IN .\Objects\Driver.obj
COMPILER INVOKED BY: D:\keil-c51\C51\BIN\C51.EXE UserSrc\Driver.c LARGE OPTIMIZE(8,SPEED) BROWSE NOINTPROMOTE INCDIR(.\U
                    -serSrc;.\StcLib;.\UserSrc\ENG) DEBUG OBJECTEXTEND PRINT(.\Listings\Driver.lst) TABS(2) OBJECT(.\Objects\Driver.obj)

line level    source

   1          #include "config.h"
   2          #include "Driver.h"
   3          #include "stdio.h"
   4          #include "GPIO.h"
   5          #include "UART.h"
   6          #include "timer.h"
   7          #include "Exti.h"
   8          #include "SysString.h"
   9          #include "spi.h"
  10          #include "SysStatus.h"
  11          #include "Audio.h"
  12          #include "WDT.h"
  13          
  14          //u8 DtmfData = 0;
  15          u16 CallOutTime = 0;
  16          
  17          void WDT_config(void)
  18          {
  19   1        WDT_InitTypeDef WDT_InitStructure;          //结构定义
  20   1      
  21   1        WDT_InitStructure.WDT_Enable     = ENABLE;          //中断使能   ENABLE或DISABLE
  22   1        WDT_InitStructure.WDT_IDLE_Mode  = WDT_IDLE_STOP;   //IDLE模式是否停止计数    WDT_IDLE_STOP,WDT_IDLE_RUN
  23   1        WDT_InitStructure.WDT_PS         = WDT_SCALE_256;   //看门狗定时器时钟分频系数    WDT_SCALE_2,WDT_SCALE_4,WD
             -T_SCALE_8,WDT_SCALE_16,WDT_SCALE_32,WDT_SCALE_64,WDT_SCALE_128,WDT_SCALE_256
  24   1        WDT_Inilize(&WDT_InitStructure);          //初始化
  25   1      }
  26          
  27          void delay(u16 t)
  28          {
  29   1        u16 i,j;
  30   1        t*=7;
  31   1        for(i=0;i<t;i++)
  32   1          for(j=0;j<110;j++);
  33   1      } 
  34          
  35          char putchar(char ch)
  36          {
  37   1        TX1_write2buff(ch); 
  38   1        return ch;
  39   1      }
  40          uint8_t strlen(uint8_t *pch)
  41          {
  42   1        uint8_t len = 0;
  43   1        while(*pch++)len++;
  44   1        return len;
  45   1      }
  46          
  47          #ifdef LANGUAGE_HB
              uint8_t HBstrlen(uint8_t *pch)
              {
                uint8_t len = 0;
                while(*pch)
                {
                  len++;
C51 COMPILER V9.57.0.0   DRIVER                                                            08/04/2022 16:08:16 PAGE 2   

                  if(*pch == 0xD7)
                  {
                    len--;
                  }
                  pch++;
                }
                return len;
              }
              #else 
  63          
  64          #endif  
  65          
  66          
  67          //u8 strcmp(u8 *s,u8 *p)
  68          //{
  69          //  u8 len = 0;
  70          //  while((*s) && (*p))
  71          //  {
  72          //    if((*s) != (*p))
  73          //    {
  74          //      return 1;
  75          //    }
  76          //    s++;
  77          //    p++;
  78          //  }
  79          //  return 0;
  80          //}
  81          
  82          //u8 *strchr(u8 *p,u8 c)
  83          //{
  84          //  while(*p)
  85          //  {
  86          //    if(*p == c)
  87          //    {
  88          //      return p;
  89          //    }
  90          //    p++;
  91          //  }
  92          //  return 0;
  93          //}
  94          int lookforstr(uint8_t *srcBuf,uint8_t *detBuf)
  95          {
  96   1        int i,j;
  97   1        i = 0;
  98   1        j = 0;
  99   1        while(srcBuf[i])
 100   1        {
 101   2          if(srcBuf[i] == detBuf[0])
 102   2          {
 103   3            for(j=0;detBuf[j];j++)
 104   3            {
 105   4              if(srcBuf[i+j] != detBuf[j])
 106   4              {
 107   5                break;
 108   5              }
 109   4            }
 110   3            if(detBuf[j] == 0)
 111   3            {
 112   4              return i;
 113   4            }
 114   3          }
 115   2          i++;
C51 COMPILER V9.57.0.0   DRIVER                                                            08/04/2022 16:08:16 PAGE 3   

 116   2        }
 117   1        return -1;
 118   1      }
 119          
 120          void ClearBuf(uint8_t *buf,uint16_t len)
 121          {
 122   1        while(len--)
 123   1        {
 124   2          *buf++ = 0;
 125   2        }
 126   1      }
 127          void HS_memcpy(uint8_t * dst,uint8_t * src,uint16_t len)
 128          {
 129   1        while(len--)
 130   1        {
 131   2          *dst++ = *src++;
 132   2        }
 133   1      }
 134          
 135          bool MemIsEmpty(uint8_t *buf,uint16_t len)
 136          {
 137   1        while(len--)
 138   1        {
 139   2          if(*buf++ != 0)
 140   2          {
 141   3            return false;
 142   3          }
 143   2        }
 144   1        return true;
 145   1      }
 146          
 147          void GPIO_config(void)
 148          {
 149   1        GPIO_InitTypeDef  GPIO_InitStructure;   //结构定义
 150   1        GPIO_InitStructure.Pin  = GPIO_Pin_All;   //指定要初始化的IO,
 151   1        GPIO_InitStructure.Mode = GPIO_PullUp;    //指定IO的输入或输出方式,GPIO_PullUp,GPIO_HighZ,GPIO_OUT_OD,GPIO_
             -OUT_PP
 152   1        GPIO_Inilize(GPIO_P2,&GPIO_InitStructure);  //初始化
 153   1        GPIO_Inilize(GPIO_P1,&GPIO_InitStructure);
 154   1      
 155   1        
 156   1      //  GPIO_InitStructure.Pin  = GPIO_Pin_2 | GPIO_Pin_3 | GPIO_Pin_4 | GPIO_Pin_5;
 157   1        GPIO_Inilize(GPIO_P3,&GPIO_InitStructure);
 158   1        
 159   1        GPIO_InitStructure.Pin  =  GPIO_Pin_0;
 160   1        GPIO_Inilize(GPIO_P4,&GPIO_InitStructure);
 161   1        
 162   1        GPIO_InitStructure.Pin  = GPIO_Pin_4;
 163   1        GPIO_Inilize(GPIO_P5,&GPIO_InitStructure);
 164   1        
 165   1        GPIO_InitStructure.Pin  = GPIO_Pin_0 | GPIO_Pin_1 | GPIO_Pin_4 | GPIO_Pin_5 | GPIO_Pin_6 | GPIO_Pin_7;
 166   1        GPIO_Inilize(GPIO_P6,&GPIO_InitStructure);
 167   1        
 168   1        GPIO_InitStructure.Pin  = GPIO_Pin_6;
 169   1        GPIO_Inilize(GPIO_P7,&GPIO_InitStructure);
 170   1        
 171   1        GPIO_InitStructure.Pin  = GPIO_Pin_All;
 172   1        GPIO_InitStructure.Mode = GPIO_OUT_PP;
 173   1        
 174   1        
 175   1        GPIO_Inilize(GPIO_P0,&GPIO_InitStructure);
 176   1        
C51 COMPILER V9.57.0.0   DRIVER                                                            08/04/2022 16:08:16 PAGE 4   

 177   1        GPIO_InitStructure.Pin  = GPIO_Pin_0 | GPIO_Pin_1 | GPIO_Pin_2 | GPIO_Pin_3 | GPIO_Pin_4 | GPIO_Pin_5 | G
             -PIO_Pin_7;
 178   1        GPIO_Inilize(GPIO_P7,&GPIO_InitStructure);
 179   1        
 180   1        GPIO_InitStructure.Pin  =  GPIO_Pin_6 | GPIO_Pin_7;
 181   1        GPIO_Inilize(GPIO_P3,&GPIO_InitStructure);
 182   1        
 183   1        GPIO_InitStructure.Pin  =  GPIO_Pin_1 | GPIO_Pin_2 | GPIO_Pin_3 | GPIO_Pin_4;
 184   1        GPIO_Inilize(GPIO_P4,&GPIO_InitStructure);
 185   1        
 186   1        GPIO_InitStructure.Pin  = GPIO_Pin_2 | GPIO_Pin_3;
 187   1        GPIO_Inilize(GPIO_P5,&GPIO_InitStructure);
 188   1        
 189   1      //  GPIO_InitStructure.Pin  = GPIO_Pin_4 | GPIO_Pin_6 | GPIO_Pin_7;
 190   1      //  GPIO_Inilize(GPIO_P6,&GPIO_InitStructure);
 191   1        GPIO_InitStructure.Pin  = GPIO_Pin_0 | GPIO_Pin_2 | GPIO_Pin_3;
 192   1        GPIO_Inilize(GPIO_P6,&GPIO_InitStructure);
 193   1        
 194   1        
 195   1        
 196   1        IIC_CLK_H;
 197   1        IIC_DAT_H;
 198   1        IIC_WP_H;
 199   1        
 200   1        RELAY_1_OFF;
 201   1        
 202   1        RING_E_L;
 203   1        
 204   1        RelayCloaseAll();
 205   1      }
 206          
 207          void UART_config(void)
 208          {
 209   1        COMx_InitDefine   COMx_InitStructure;         //结构定义
 210   1        COMx_InitStructure.UART_Mode      = UART_8bit_BRTx; //模式, UART_ShiftRight,UART_8bit_BRTx,UART_9bit,UART
             -_9bit_BRTx
 211   1        COMx_InitStructure.UART_BRT_Use   = BRT_Timer2;     //使用波特率, BRT_Timer1, BRT_Timer2 (注意: 串口2固定使
             -用BRT_Timer2)
 212   1        COMx_InitStructure.UART_BaudRate  = 9600ul;     //波特率, 一般 110 ~ 115200
 213   1        COMx_InitStructure.UART_RxEnable  = ENABLE;       //接收允许,   ENABLE或DISABLE
 214   1        COMx_InitStructure.BaudRateDouble = DISABLE;      //波特率加倍, ENABLE或DISABLE
 215   1        COMx_InitStructure.UART_Interrupt = ENABLE;       //中断允许,   ENABLE或DISABLE
 216   1        COMx_InitStructure.UART_Polity    = Polity_1;     //指定中断优先级(低到高) Polity_0,Polity_1,Polity_2,Polit
             -y_3
 217   1        COMx_InitStructure.UART_P_SW      = UART1_SW_P30_P31; //切换端口,   UART1_SW_P30_P31,UART1_SW_P36_P37,UAR
             -T1_SW_P16_P17,UART1_SW_P43_P44
 218   1        UART_Configuration(UART1, &COMx_InitStructure);   //初始化串口1 UART1,UART2,UART3,UART4
 219   1        printf("UART1_config OK!\r\n"); //UART1发送一个字符串
 220   1      
 221   1      #ifdef UART3  
 222   1        //COMx_InitStructure.UART_BRT_Use   = BRT_Timer2; 
 223   1        //COMx_InitStructure.UART_BaudRate  = 9600ul;
 224   1        COMx_InitStructure.UART_P_SW      = UART3_SW_P50_P51; //切换端口
 225   1        UART_Configuration(UART3, &COMx_InitStructure);   //初始化串口 UART1,UART2,UART3,UART4
 226   1        TX3_write2buff('X');
 227   1        printf("UART3_config OK!\r\n");
 228   1      #endif
 229   1        
 230   1      #ifdef UART4  
                COMx_InitStructure.UART_BRT_Use   = BRT_Timer4; 
                COMx_InitStructure.UART_BaudRate  = 9600ul;
                COMx_InitStructure.UART_P_SW      = UART4_SW_P02_P03; //切换端口
C51 COMPILER V9.57.0.0   DRIVER                                                            08/04/2022 16:08:16 PAGE 5   

                UART_Configuration(UART4, &COMx_InitStructure);   //初始化串口 UART1,UART2,UART3,UART4
                TX4_write2buff('X');
                printf("UART4_config OK!\r\n");
              #endif
 238   1      }
 239          
 240          void Timer_config(void)
 241          {
 242   1        TIM_InitTypeDef   TIM_InitStructure;            //结构定义
 243   1        TIM_InitStructure.TIM_Mode      = TIM_16BitAutoReload;  //指定工作模式,   TIM_16BitAutoReload,TIM_16Bit,TI
             -M_8BitAutoReload,TIM_16BitAutoReloadNoMask
 244   1        TIM_InitStructure.TIM_Polity    = Polity_0;     //指定中断优先级(低到高) Polity_0,Polity_1,Polity_2,Polity_
             -3
 245   1        TIM_InitStructure.TIM_Interrupt = ENABLE;         //中断是否允许,   ENABLE或DISABLE
 246   1        TIM_InitStructure.TIM_ClkSource = TIM_CLOCK_1T;   //指定时钟源,     TIM_CLOCK_1T,TIM_CLOCK_12T,TIM_CLOCK_E
             -xt
 247   1        TIM_InitStructure.TIM_ClkOut    = DISABLE;        //是否输出高速脉冲, ENABLE或DISABLE
 248   1        TIM_InitStructure.TIM_Value     = 65536UL - (MAIN_Fosc / 1000);   //初值,
 249   1        TIM_InitStructure.TIM_Run       = ENABLE;         //是否初始化后启动定时器, ENABLE或DISABLE
 250   1      
 251   1        Timer_Inilize(Timer0,&TIM_InitStructure);         //初始化Timer0    Timer0,Timer1,Timer2,Timer3,Timer4
 252   1        
 253   1        TIM_InitStructure.TIM_Value     = 65536UL - (MAIN_Fosc / 100000);   //初值,
 254   1        Timer_Inilize(Timer1,&TIM_InitStructure);         //初始化Timer1    Timer0,Timer1,Timer2,Timer3,Timer4
 255   1      //#ifdef PWM_AUDIO
 256   1        TIM_InitStructure.TIM_Value     = 65536UL - (MAIN_Fosc / 32000);    //初值,
 257   1        Timer_Inilize(Timer4,&TIM_InitStructure);
 258   1        Timer4_Run();
 259   1      //#endif
 260   1      }
 261          
 262          void Exti_config(void)
 263          {
 264   1        EXTI_InitTypeDef  Exti_InitStructure;             //结构定义
 265   1      
 266   1        Exti_InitStructure.EXTI_Interrupt = ENABLE;       //中断使能,   ENABLE或DISABLE
 267   1        Exti_InitStructure.EXTI_Polity    = Polity_0;     //指定中断优先级(低到高) Polity_0,Polity_1,Polity_2,Polit
             -y_3
 268   1        Exti_InitStructure.EXTI_Mode      = EXT_MODE_RiseFall;//中断模式,   EXT_MODE_RiseFall,EXT_MODE_Fall
 269   1        Ext_Inilize(EXT_INT0,&Exti_InitStructure);        //初始化
 270   1      #ifdef EXT_INT1
                Exti_InitStructure.EXTI_Mode      = EXT_MODE_Fall;//中断模式,   EXT_MODE_RiseFall,EXT_MODE_Fall
                Ext_Inilize(EXT_INT1,&Exti_InitStructure);        //初始化
              #endif
 274   1      }
 275          
 276          uint8_t KeyScan(void)
 277          {
 278   1        static uint8_t KeyStep = 0;
 279   1        static uint8_t KeyTime = 0;
 280   1        uint8_t key;
 281   1        switch(KeyStep)
 282   1        {
 283   2          case 0:
 284   2            KEY_P = 0xF0;
 285   2            if((KEY_P&0xF0) != 0xF0)
 286   2            {
 287   3              KeyTime = 20;
 288   3              KeyStep = 1;
 289   3            }
 290   2            break;
 291   2          case 1:
C51 COMPILER V9.57.0.0   DRIVER                                                            08/04/2022 16:08:16 PAGE 6   

 292   2            if((KEY_P&0xF0) == 0xF0)
 293   2            {
 294   3              KeyStep = 0;
 295   3            }
 296   2            else if(--KeyTime == 0)
 297   2            {
 298   3              KeyStep = 2;
 299   3            }
 300   2            break;
 301   2          case 2:
 302   2            key = KEY_P | 0x0F;
 303   2            KEY_P = key;
 304   2            KeyStep = 3;
 305   2            break;
 306   2          case 3:
 307   2            key = KEY_P;
 308   2            KEY_P = 0xF0;
 309   2            KeyStep = 4;
 310   2            switch(key)
 311   2            {
 312   3              case 0xEE:
 313   3                return 4;
 314   3              case 0xED:
 315   3                return 8;
 316   3              case 0xEB:
 317   3                return 11;
 318   3              case 0xE7:
 319   3                return 15;
 320   3              case 0xDE:
 321   3                return 3;
 322   3              case 0xDD:
 323   3                return 7;
 324   3              case 0xDB:
 325   3                return 0;
 326   3              case 0xD7:
 327   3                return 14;
 328   3              case 0xBE:
 329   3                return 2;
 330   3              case 0xBD:
 331   3                return 6;
 332   3              case 0xBB:
 333   3                return 10;
 334   3              case 0xB7:
 335   3                return 13;
 336   3              case 0x7E:
 337   3                return 1;
 338   3              case 0x7D:
 339   3                return 5;
 340   3              case 0x7B:
 341   3                return 9;
 342   3              case 0x77:
 343   3                return 12;
 344   3            }
 345   2            break;
 346   2          case 4:
 347   2            if((KEY_P&0xF0) == 0xF0)
 348   2            {
 349   3              KeyStep = 5;
 350   3              KeyTime = 20;
 351   3            }
 352   2            break;
 353   2          case 5:
C51 COMPILER V9.57.0.0   DRIVER                                                            08/04/2022 16:08:16 PAGE 7   

 354   2            if((KEY_P&0xF0) != 0xF0)
 355   2            {
 356   3              KeyStep = 4;
 357   3            }
 358   2            else if(--KeyTime == 0)
 359   2            {
 360   3              KeyStep = 0;
 361   3            }
 362   2            break;
 363   2                
 364   2        }
 365   1        return 0xFF;
 366   1      }
 367          
 368          uint8_t SkeyStatus = 0x1F;
 369          uint8_t SkeyStatusOld = 0x1F;
 370          uint16_t ResetKeyTime = 0;
 371          void SkeyScan(void)
 372          {
 373   1        static uint8_t SkeyStep = 0;
 374   1        static uint8_t SkeyTime = 0;
 375   1        
 376   1        uint8_t key = 0;
 377   1        switch(SkeyStep)
 378   1        {
 379   2          case 0:
 380   2            key = K_MAG;key<<=1;
 381   2            key |= K_DET;key<<=1;
 382   2            key |= K_RESET;key<<=1;
 383   2            key |= K_REX2;key<<=1;
 384   2            key |= K_REX1;
 385   2          
 386   2            if(key != SkeyStatus)
 387   2            {
 388   3              SkeyTime = 30;
 389   3              SkeyStep = 1;
 390   3            }
 391   2            break;
 392   2          case 1:
 393   2            key = K_MAG;key<<=1;
 394   2            key |= K_DET;key<<=1;
 395   2            key |= K_RESET;key<<=1;
 396   2            key |= K_REX2;key<<=1;
 397   2            key |= K_REX1;
 398   2          
 399   2            if(key == SkeyStatus)
 400   2            {
 401   3              SkeyStep = 0;
 402   3            }
 403   2            else if(--SkeyTime == 0)
 404   2            {
 405   3              SkeyStep = 0;
 406   3              SkeyStatus = key;
 407   3            }
 408   2            break;
 409   2                
 410   2        }
 411   1        if(SkeyStatusOld != SkeyStatus)
 412   1        {
 413   2          
 414   2          if(((SkeyStatus & 0x03) != (SkeyStatusOld&0x03)) && ((SkeyStatus & 0x03) != 0x03))//K_REX1 | K_REX2
 415   2          {
C51 COMPILER V9.57.0.0   DRIVER                                                            08/04/2022 16:08:16 PAGE 8   

 416   3            Unlock((SkeyStatus&0x03)==0x01);
 417   3            IdleTime = 5;
 418   3          }
 419   2      //    if(((SkeyStatus & 0x02) != (SkeyStatusOld&0x02)) && ((SkeyStatus & 0x02) == 0))//K_REX2
 420   2      //    {
 421   2      //      Unlock();
 422   2      //      IdleTime = 5;
 423   2      //    }
 424   2          if((SkeyStatus & 0x04) != (SkeyStatusOld&0x04))//K_RESET
 425   2          {
 426   3            ResetKeyTime = 10000;
 427   3            printf("ResetKeyTime\r\n");
 428   3          }
 429   2          if((SkeyStatus & 0x08) != (SkeyStatusOld&0x08))//K_DET
 430   2          {
 431   3            
 432   3          }
 433   2          if((SkeyStatus & 0x10) != (SkeyStatusOld&0x10))//K_MAG
 434   2          {
 435   3            
 436   3          }
 437   2          SkeyStatusOld = SkeyStatus;
 438   2        }
 439   1        if((SkeyStatusOld&0x04) == 0)
 440   1        {
 441   2          if(ResetKeyTime)
 442   2          {
 443   3            if(--ResetKeyTime == 0)
 444   3            {
 445   4              InitSysPara(true);
 446   4              ShowReset();
 447   4              IdleTime = 5;
 448   4            }
 449   3          }
 450   2        }
 451   1      }
 452          
 453          u8 UnlockTime = 0;
 454          void Unlock(bool sound)
 455          {
 456   1        UnlockTime = SysPara.RealyTime;
 457   1        RELAY_1_ON;
 458   1        ShowUnlock(sound);
 459   1      }
 460          #define RELAY_COUNT 16
 461          u8 RelayTime;
 462          
 463          typedef struct
 464          {
 465              u16 Head;
 466            u8 Len;
 467              u8 Cmd;
 468              u16 Idx;
 469            u8 Time;
 470            u16 Chk;
 471          }RelayCmdType;
 472          
 473          void SendRelay(u16 idx,u8 time)
 474          {
 475   1        RelayCmdType RelayCmd;
 476   1        u8 *p = (u8 *)&RelayCmd;
 477   1        u8 i;
C51 COMPILER V9.57.0.0   DRIVER                                                            08/04/2022 16:08:16 PAGE 9   

 478   1        RelayCmd.Head = 0x0A05;
 479   1        RelayCmd.Len = 9;
 480   1        RelayCmd.Cmd = 1;
 481   1        RelayCmd.Idx = idx;
 482   1        RelayCmd.Time = time;
 483   1        RelayCmd.Chk = 0x55;
 484   1        for(i=0;i<7;i++)
 485   1        {
 486   2          RelayCmd.Chk += p[i];
 487   2        }
 488   1      #ifdef UART3
 489   1        Uart3SendBuf(p,RelayCmd.Len);
 490   1      #endif
 491   1      }
 492          
 493          void RelayOpen(u16 idx,u8 time)
 494          {
 495   1        if(idx == 0)
 496   1        {
 497   2          return;
 498   2        }
 499   1        time *= 2;
 500   1        if(idx > 16)
 501   1        {
 502   2          SendRelay(idx,time);
 503   2          return;
 504   2        }
 505   1        idx--;
 506   1        RelayTime = time;
 507   1        P0 = 0xC0|(idx<<3);
 508   1        if(idx < 8)
 509   1        {
 510   2          P0 &= 0xBF;
 511   2        }
 512   1        else
 513   1        {
 514   2          P0 &= 0x7F;
 515   2        }
 516   1        
 517   1      //  if(idx < 4)
 518   1      //  {
 519   1      //    P7 |= (0x01<<idx);
 520   1      //  }
 521   1      //  else if(idx < 8)
 522   1      //  {
 523   1      //    P3 |= (0x01<<idx);
 524   1      //  }
 525   1      //  else if(idx < 16)
 526   1      //  {
 527   1      //    P0 |= (0x01<<(idx-8));
 528   1      //  }
 529   1      }
 530          void RelayCloaseAll(void)
 531          {
 532   1        P0 |= 0xC0;
 533   1        P0 &= 0xC7;
 534   1        
 535   1      //  P3 &= 0x0F;
 536   1      //  P7 &= 0xF0;
 537   1      }
 538          
 539          void RelayTask(void)//1sec
C51 COMPILER V9.57.0.0   DRIVER                                                            08/04/2022 16:08:16 PAGE 10  

 540          {
 541   1        //u8 i;
 542   1        if(UnlockTime != 0)
 543   1        {
 544   2          if(--UnlockTime == 0)
 545   2          {
 546   3            RELAY_1_OFF;
 547   3          }
 548   2        }
 549   1      
 550   1        //for(i=0;i<RELAY_COUNT;i++)
 551   1        //{
 552   1          if(RelayTime)
 553   1          {
 554   2            if(--RelayTime == 0)
 555   2            {
 556   3              RelayCloaseAll();
 557   3            }
 558   2          }
 559   1        //}
 560   1      }


MODULE INFORMATION:   STATIC OVERLAYABLE
   CODE SIZE        =   1754    ----
   CONSTANT SIZE    =     53    ----
   XDATA SIZE       =     12      72
   PDATA SIZE       =   ----    ----
   DATA SIZE        =   ----    ----
   IDATA SIZE       =   ----    ----
   BIT SIZE         =   ----       1
END OF MODULE INFORMATION.


C51 COMPILATION COMPLETE.  0 WARNING(S),  0 ERROR(S)
