C51 COMPILER V9.57.0.0   SYSSTRING                                                         08/04/2022 14:14:42 PAGE 1   


C51 COMPILER V9.57.0.0, COMPILATION OF MODULE SYSSTRING
OBJECT MODULE PLACED IN .\Objects\SysString.obj
COMPILER INVOKED BY: D:\keil-c51\C51\BIN\C51.EXE UserSrc\SysString.c LARGE OPTIMIZE(8,SPEED) BROWSE NOINTPROMOTE INCDIR(
                    -.\UserSrc;.\StcLib;.\UserSrc\ENG) DEBUG OBJECTEXTEND PRINT(.\Listings\SysString.lst) TABS(2) OBJECT(.\Objects\SysString.
                    -obj)

line level    source

   1          #include "SysString.h"
   2          #include "Lcd12864.h"
   3          #include "stdio.h"
   4          #include "Audio.h"
   5          
   6          //code uint8_t FhChar[]={"0\"/:()'_- "};
   7          code uint8_t FhChar[]={"-\"/:()'_"};
   8          
   9          #ifdef LANGUAGE_EN
  10          code char StrTabSysSet[] = {"System settings"};
  11          code char StrTabSysSet1[] = {"1-13"};
  12          
  13          code char StrTabNameSet1[] = {"1-Add/Edit user"};
  14          code char StrTabNameSet2[] = {"2-Delete user"};
  15          code char StrTabNameSet3[] = {"3-DeleteAllusers"};
  16          code char StrTabDelAllName[] = {"Delete all      Users?"};
  17          code char StrTabRoom[] = {"Apartment:"};
  18          code char StrTabName[] = {"Name:"};
  19          code char StrTabTel[] = {"relay:"};
  20          code char StrTabMakeSure[] = {" Confirm Save ?"};
  21          code char StrTabSaveOK[] = {"Save!"};
  22          code char StrTabErr[] = {"Error!"};
  23          
  24          code char StrTabDel[] = {"Confirm         Deletion?"};
  25          code char StrTabDelOK[] = {"   Deleted !"};
  26          code char StrTabDelAllPsw[] = {"Delete all      Passwords?"};
  27          code char StrTabPswSet1[] = {"1-Add a password"};
  28          code char StrTabPswSet2[] = {"2-DeletePassword"};
  29          code char StrTabPswSet3[] = {"3-Delete all "};
  30          code char StrTabPsw1[] = {"Password:"};
  31          code char StrTabPsw3[] = {"Confirm"};
  32          code char StrTabPsw2[] = {"Password:"};
  33          
  34          code char StrTabListCount[] = {"Total:"};
  35          code char StrTabSysPsw[] = {"Admin password:"};
  36          
  37          code char StrTabCardSet1[] = {"1-Add a card"};
  38          code char StrTabCardSet2[] = {"2-Delete card"};
  39          code char StrTabCardSet3[] = {"3-DeleteAllcards"};
  40          code char StrTabDelAllCard[] = {"Delete all      cards?"};
  41          code char StrTabCard[] = {"Card:"};
  42          code char StrTabCardErr[] = {"Card error!"};
  43          code char StrTabUnlock[] = {"The door is open!"};
  44          
  45          code char StrTabCall[] = {"Calling: "};
  46          
  47          code char StrTabTalkTime[] = {"TalkTime:"};
  48          code char StrTabRingTime[] = {"Ring time:"};
  49          code char StrTabCallTime[] = {"CallTime:"};
  50          code char StrTabTone[] = {"Voice           Instructions:"};
  51          code char StrTabCamrea[] = {"Camera:"};
  52          code char StrTabRelay[] = {"Relay time:"};
  53          
C51 COMPILER V9.57.0.0   SYSSTRING                                                         08/04/2022 14:14:42 PAGE 2   

  54          code char StrTabUnlockKey[] = {"UnlockKey:"};
  55          
  56          code char StrTabOn[] = {"On"};
  57          code char StrTabOff[] = {"Off"};
  58          
  59          code char StrTabGsmErr[] = {"  Gsm Error!"};
  60          //code char StrTabGsmCsq[] = {"Csq:"};
  61          //code char StrTabGsmCsqErr[] = {"No Signal"};
  62          
  63          code char StrTabMain1[] = {"To cancel press"};
  64          code char StrTabMain2[] = {"select a name"};
  65          code char StrTabMain3[] = {"from the list"};
  66          code char StrTabMain4[] = {"press"};
  67          
  68          code char StrTabMain5[] = {"Welcome!"};
  69          code char StrTabMain6[] = {"To call -"};
  70          code char StrTabMain7[] = {"Enter apartment"};
  71          code char StrTabMain8[] = {"number + "};
  72          
  73          code char StrTabMain9[] = {"To call,press"};
  74          code char StrTabMain10[] = {"To unlock,press"};
  75          code char StrTabMain11[] = {"+ 4 Digits code"};
  76          
  77          code char StrTabRoomErr[] = {"Apartment Error!"};
  78          code char StrTabTalk[] = {"Talking:"};
  79          
  80          code char StrTabReset[] = {"Reset OK!"};
  81          
  82          code char StrTabTalkValum[] = {"Speech volume:"};
  83          code char StrTabNum[] = {"Room: "};
  84          
  85          #endif
  86          
  87          #ifdef LANGUAGE_HB
              code char StrTabSysSet[] = {"הגדרת מערכת"};
              code char StrTabSysSet1[] = {"1-13"};
              
              code char StrTabNameSet1[] = {"1-הוסף/ערוך שם"};
              code char StrTabNameSet2[] = {"2-מחק שם"};
              code char StrTabNameSet3[] = {"3- מחק הכל"};
              code char StrTabDelAllName[] = {"האם למחוק הכל ?"};
              code char StrTabRoom[] = {"דירה:"};
              code char StrTabNum[] = {"תא: "};
              code char StrTabName[] = {"שם:"};
              code char StrTabTel[] = {"ממסר:"};
              code char StrTabMakeSure[] = {" לאשר שמירה?"};
              code char StrTabSaveOK[] = {"   שמור!"};
              code char StrTabErr[] = {"  שגיאה!"};
              
              code char StrTabDel[] = {"לאשר מחיקה ?"};
              code char StrTabDelOK[] = {"  נמחק!"};
              code char StrTabDelAllPsw[] = {"האם למחוק הכל ?"};
              code char StrTabPswSet1[] = {"1- הוסף סיסמה"};
              code char StrTabPswSet2[] = {"2-מחק סיסמה"};
              code char StrTabPswSet3[] = {"3-מחק הכל"};
              code char StrTabPsw1[] = {"סיסמה:"};
              code char StrTabPsw2[] = {"אשר:"};
              
              code char StrTabListCount[] = {"סך הכל:"};
              code char StrTabSysPsw[] = {"סיסמת מנהל"};
              
              code char StrTabCardSet1[] = {"1-הוסף כרטיס"};
C51 COMPILER V9.57.0.0   SYSSTRING                                                         08/04/2022 14:14:42 PAGE 3   

              code char StrTabCardSet2[] = {"2-מחיקת כרטיס"};
              code char StrTabCardSet3[] = {"3-מחק הכל"};
              code char StrTabDelAllCard[] = {"האם למחוק הכל ?"};
              code char StrTabCard[] = {"כרטיס:"};
              code char StrTabCardErr[] = {"  שגיאת כרטיס!"};
              code char StrTabUnlock[] = {"  דלת נפתחת!"};
              
              code char StrTabCall[] = {"מצלצל:"};
              
              code char StrTabTalkTime[] = {"זמן דיבור:"};
              code char StrTabRingTime[] = {"זמן צלצול:"};
              code char StrTabCallTime[] = {"זמן צלצול:"};
              code char StrTabTone[] = {"הנחיות קוליות:"};
              code char StrTabCamrea[] = {"מצלמה:"};
              code char StrTabRelay[] = {"זמן ממסר:"};
              code char StrTabUnlockKey[] = {"מקש פ.דלת:"};
              code char StrTabTalkValum[] = {"עוצמת דיבור"};
              
              code char StrTabOn[] = {"פעיל"};
              code char StrTabOff[] = {"כבוי"};
              
              code char StrTabGsmErr[] = {"שגיאת כרטיס סים!"};
              //code char StrTabGsmCsq[] = {"Csq:"};
              //code char StrTabGsmCsqErr[] = {"אין קליטה"};
              
              code char StrTabMainA1[] = {"ברוכים הבאים!"};
              code char StrTabMainA2[] = {"לצלצול לדירה"};
              code char StrTabMainA3[] = {"לחצו מספר דירה"};
              code char StrTabMainA4[] = {"לביטול לחצו"};
              
              code char StrTabMain1[] = {"לרשימת שמות"};
              code char StrTabMain2[] = {" לבחירת שם לחצו"};
              code char StrTabMain3[] = {"לכניסה עם קוד"};
              code char StrTabMain4[] = {"לחצו   וקוד"};
              
              code char StrTabRoomErr[] = {" שגיאה בדירה!"};
              code char StrTabTalk[] = {"שיחה:"};
              
              code char StrTabReset[] = {"Reset OK!"};
              #endif
 156          //code char StrTabGsmCsqErr[] = {"אבגדהוזחטיךכלםמןנסעףפץצקרשת"};
 157          //code char StrTabMain1[] = {"אבגדהוזחטיךכלםמן"};
 158          //code char StrTabMain2[] = {"נסעףפץצקרשת"};
 159          
 160          char DisBuf[20];
 161          
 162          void ShowConfirmSave(void)
 163          {
 164   1        LcdClear();
 165   1        DisplayString(1,0,StrTabMakeSure);
 166   1      }
 167          void ShowConfirmDel(void)
 168          {
 169   1        LcdClear();
 170   1        DisplayString(1,0,StrTabDel);
 171   1      }
 172          void ShowSaveOK(void)
 173          {
 174   1        LcdClear();
 175   1        DisplayString(1,0,StrTabSaveOK);
 176   1        MP3_StartPlay(MP3_SetOK);
 177   1      }
C51 COMPILER V9.57.0.0   SYSSTRING                                                         08/04/2022 14:14:42 PAGE 4   

 178          void ShowErr(void)
 179          {
 180   1        LcdClear();
 181   1        DisplayString(1,0,StrTabErr);
 182   1        MP3_StartPlay(MP3_Failed);
 183   1      }
 184          void ShowDeleteOK (void)
 185          {
 186   1        LcdClear();
 187   1        DisplayString(1,0,StrTabDelOK);
 188   1        MP3_StartPlay(MP3_SetOK);
 189   1      }
 190          
 191          void ShowCardErr(void)
 192          {
 193   1        LcdClear();
 194   1        DisplayString(1,0,StrTabCardErr);
 195   1        MP3_StartPlay(MP3_CardErr);
 196   1      }
 197          void ShowUnlock(bool Sound)
 198          {
 199   1        LcdClear();
 200   1        DisplayString(1,0,StrTabUnlock);
 201   1        if(Sound)
 202   1        {
 203   2          MP3_StartPlay(MP3_Unlock);
 204   2        }
 205   1      }
 206          
 207          //void ShowGsmErr(void)
 208          //{
 209          //  LcdClear();
 210          //  DisplayString(1,0,StrTabGsmErr);
 211          //}
 212          
 213          void ShowRoomErr(void)
 214          {
 215   1        LcdClear();
 216   1        DisplayString(1,0,StrTabRoomErr);
 217   1      }
 218          
 219          void ShowGsmCsq(void)
 220          {
 221   1      //  if((GsmCsq == 0xff) || (GsmCsq < 5))
 222   1      //  {
 223   1      //    //DisplayString(0,0,StrTabGsmCsqErr);
 224   1      //    DisplayCsq(0,0,0);
 225   1      //    DisplayIco(0,1,6);
 226   1      //    return;
 227   1      //  }
 228   1      //  DisplayCsq(0,0,GsmCsq);
 229   1      }
 230          
 231          void ShowMain(u8 first)
 232          {
 233   1        LcdClear(); 
 234   1        ShowGsmCsq();
 235   1      #ifdef LANGUAGE_HB    
                if(first == 0)
                {
                  DisplayString(0,0,StrTabMainA1);
                  DisplayString(1,0,StrTabMainA2);
C51 COMPILER V9.57.0.0   SYSSTRING                                                         08/04/2022 14:14:42 PAGE 5   

                  DisplayString(2,0,StrTabMainA3);
                  DisplayIco(2,0,2);
                  DisplayString(3,0,StrTabMainA4);
                  DisplayIco(3,3,8);
                }
                else
                {
                  DisplayString(0,0,StrTabMain1);
                  DisplayIco(0,2,0);
                  DisplayIco(0,3,1);
                  
                  DisplayString(1,0,StrTabMain2);
                  DisplayIco(1,0,2);
                  
                  DisplayString(2,0,StrTabMain3);
                  
                  DisplayString(3,0,StrTabMain4);
                  DisplayIco(3,10,3);
                }
              #endif
 260   1      #ifdef LANGUAGE_EN
 261   1        if(first == 0)
 262   1        {
 263   2          DisplayString(0,0,StrTabMain1);
 264   2          DisplayIco(0,15,4);
 265   2        //  DisplayIco(0,3,1);
 266   2          
 267   2          DisplayString(1,0,StrTabMain2);
 268   2        //  DisplayIco(1,2,2);
 269   2          
 270   2          
 271   2          DisplayString(2,0,StrTabMain3);
 272   2          //DisplayIco(2,5,2); //
 273   2          
 274   2          DisplayString(3,0,StrTabMain4);
 275   2          DisplayIco(3,6,0);
 276   2          DisplayIco(3,8,1); //上下键
 277   2          //DisplayIco(3,12,2); //铃铛
 278   2        }
 279   1      
 280   1        else if(first == 1)
 281   1        {
 282   2          DisplayString(0,0,StrTabMain5);
 283   2          //DisplayIco(0,7,4);
 284   2          
 285   2          DisplayString(1,0,StrTabMain6);
 286   2          
 287   2          DisplayString(2,0,StrTabMain7);
 288   2          
 289   2          DisplayString(3,0,StrTabMain8);
 290   2          DisplayIco(3,9,2); //铃铛
 291   2      //    DisplayIco(3,7,0);
 292   2      //    DisplayIco(3,8,1); //上下键
 293   2        }
 294   1      
 295   1        else if(first == 2)
 296   1        {
 297   2          DisplayString(0,0,StrTabMain9);
 298   2          DisplayIco(0,14,2); //铃铛
 299   2          
 300   2          DisplayString(1,0,StrTabMain10);
 301   2          DisplayIco(1,15,3); //钥匙
C51 COMPILER V9.57.0.0   SYSSTRING                                                         08/04/2022 14:14:42 PAGE 6   

 302   2          
 303   2          DisplayString(2,0,StrTabMain11);
 304   2        }
 305   1        
 306   1      #endif
 307   1      }
 308          
 309          void ShowTalkTime(void)
 310          {
 311   1        LcdClear();
 312   1      #ifdef LANGUAGE_HB
                DisplayString(1,0,StrTabTalk);
                sprintf(DisBuf,"%u",CallOutTime);
                DisplayString(1,8,DisBuf);
              #else
 317   1        sprintf(DisBuf,"%s%u",StrTabTalk,CallOutTime);
 318   1        DisplayString(1,0,DisBuf);
 319   1      #endif
 320   1      }
 321          void ShowReset(void)
 322          {
 323   1        LcdClear();
 324   1        DisplayString(1,0,StrTabReset);
 325   1      }


MODULE INFORMATION:   STATIC OVERLAYABLE
   CODE SIZE        =    462    ----
   CONSTANT SIZE    =    747    ----
   XDATA SIZE       =     20       1
   PDATA SIZE       =   ----    ----
   DATA SIZE        =   ----    ----
   IDATA SIZE       =   ----    ----
   BIT SIZE         =   ----       1
END OF MODULE INFORMATION.


C51 COMPILATION COMPLETE.  0 WARNING(S),  0 ERROR(S)
