C51 COMPILER V9.57.0.0   UNLOCKPASSWORD                                                    08/04/2022 14:14:42 PAGE 1   


C51 COMPILER V9.57.0.0, COMPILATION OF MODULE UNLOCKPASSWORD
OBJECT MODULE PLACED IN .\Objects\UnlockPassword.obj
COMPILER INVOKED BY: D:\keil-c51\C51\BIN\C51.EXE UserSrc\UnlockPassword.c LARGE OPTIMIZE(8,SPEED) BROWSE NOINTPROMOTE IN
                    -CDIR(.\UserSrc;.\StcLib;.\UserSrc\ENG) DEBUG OBJECTEXTEND PRINT(.\Listings\UnlockPassword.lst) TABS(2) OBJECT(.\Objects\
                    -UnlockPassword.obj)

line level    source

   1          #include "UnlockPassword.h"
   2          #include "Driver.h"
   3          #include "Eeprom.h"
   4          #include "SysString.h"
   5          #include "stdio.h"
   6          #include "Lcd12864.h"
   7          #include "SysStatus.h"
   8          #include "NameList.h"
   9          #include "Audio.h"
  10          
  11          void SavePswCount(void)
  12          {
  13   1        writeBuf_at24c02(USER_PARA_ADDR+((u16)((u32)(&UsrPara.PswCount)-(u32)(&UsrPara))), (u8 *)&UsrPara.PswCoun
             -t,sizeof(UsrPara.PswCount));
  14   1      }
  15          
  16          void ClearPsw(void)
  17          {
  18   1        UsrPara.PswCount = 0;
  19   1        SavePswCount();
  20   1      }
  21          
  22          void InitPsw(void)
  23          {
  24   1        if(UsrPara.PswCount > PSW_COUNT)
  25   1        {
  26   2          ClearPsw();
  27   2        }
  28   1      }
  29          
  30          void WritePswByIdx(u16 idx,PswItemType *pItem)
  31          {
  32   1        u16 addr = (u16)idx;
  33   1        addr *= sizeof(PswItemType);
  34   1        writeBuf_at24c02(USER_PSW_ADDR+addr, (u8 *)pItem,sizeof(PswItemType));
  35   1      }
  36          
  37          void ReadPswByIdx(u16 idx,PswItemType *pItem)
  38          {
  39   1        u16 addr = (u16)idx;
  40   1        addr *= sizeof(PswItemType);
  41   1        readBuf_at24c02(USER_PSW_ADDR+addr, (u8 *)pItem,sizeof(PswItemType));
  42   1      }
  43          
  44          u16 GetPswByRoom(u16 room,PswItemType *pItem)
  45          {
  46   1        u16 idx = 0xFFFF;
  47   1        idx = GetIdxByRoom(room,UNLOCK_PSW);
  48   1        if(idx != 0xFFFF)
  49   1        {
  50   2          ReadPswByIdx(idx,pItem);
  51   2          return idx;
  52   2        }
C51 COMPILER V9.57.0.0   UNLOCKPASSWORD                                                    08/04/2022 14:14:42 PAGE 2   

  53   1        return 0xFFFF;
  54   1      }
  55          
  56          bool CheckPsw(u16 psw)
  57          {
  58   1        u16 i = 0;
  59   1        PswItemType pItem;
  60   1        printf("CheckPsw:%u\r\n",psw);
  61   1        if(UsrPara.PswCount == 0)
  62   1        {
  63   2          return false;
  64   2        }
  65   1        for(i=0;i<UsrPara.PswCount;i++)
  66   1        {
  67   2          ReadPswByIdx(i,&pItem);
  68   2          if(pItem.Psw == psw)
  69   2          {
  70   3            return true;
  71   3          }
  72   2        }
  73   1        return false;
  74   1      }
  75          
  76          u16 AddPswItem(PswItemType *pItem)
  77          {
  78   1        u16 idx = -1;
  79   1        idx = GetIdxByRoom(pItem->Room,UNLOCK_PSW);
  80   1        if(idx != -1)
  81   1        {
  82   2          WritePswByIdx(idx,pItem);
  83   2          return idx;
  84   2        }
  85   1        else if(UsrPara.PswCount < PSW_COUNT)
  86   1        {
  87   2          WritePswByIdx(UsrPara.PswCount,pItem);
  88   2          UsrPara.PswCount++;
  89   2          SavePswCount();
  90   2          return UsrPara.PswCount-1;
  91   2        }
  92   1        return 0xFFFF;
  93   1      }
  94          
  95          void DelPswByIdx(u16 idx)
  96          {
  97   1        PswItemType tmpItem;
  98   1        if(idx < UsrPara.PswCount)
  99   1        {
 100   2          if(idx == (UsrPara.PswCount-1))
 101   2          {
 102   3            UsrPara.PswCount--;
 103   3            SavePswCount();
 104   3          }
 105   2          else
 106   2          {
 107   3            UsrPara.PswCount--;
 108   3            SavePswCount();
 109   3            ReadPswByIdx(UsrPara.PswCount,&tmpItem);
 110   3            WritePswByIdx(idx,&tmpItem);
 111   3          }
 112   2        }
 113   1      }
 114          
C51 COMPILER V9.57.0.0   UNLOCKPASSWORD                                                    08/04/2022 14:14:42 PAGE 3   

 115          void DelPswByRoom(u16 room)
 116          {
 117   1        u16 idx = GetIdxByRoom(room,UNLOCK_PSW);
 118   1        while(idx != 0xFFFF)
 119   1        {
 120   2          DelPswByIdx(idx);
 121   2          idx = GetIdxByRoom(room,UNLOCK_PSW);
 122   2        }
 123   1      }
 124          
 125          PswEditType PswEditItem;
 126          static u8 PswEditMidx = 0;
 127          static u8 PswEditIdx = 0;
 128          
 129          void ShowPsw(PswEditType *pItem,bool edit)
 130          {
 131   1        u8 Disbuf[20];
 132   1        u8 i;
 133   1        u32 tmp;
 134   1        LcdClear();
 135   1        //if(SysStatus != SYS_EDIT_SYSPSW)
 136   1        if(SysStatus == SYS_EDIT_SYSPSW)
 137   1        {
 138   2          DisplayString(0,0,StrTabSysPsw);
 139   2        }
 140   1        else if((SysStatus != SYS_EDIT_SYSPSW) && (SysStatus != SYS_INPUT_PSW))
 141   1        {
 142   2          if(pItem->Room > 0)
 143   2          {
 144   3            DisplayString(0,0,StrTabNum);
 145   3          #ifdef LANGUAGE_HB  
                    sprintf(Disbuf,"%u",pItem->Room);
                    DisplayString(1,(16-HBstrlen(StrTabNum)-strlen(Disbuf)),Disbuf);
                  #else
 149   3            sprintf(Disbuf,"%s%u",StrTabNum,pItem->Room);
 150   3            DisplayString(0,0,Disbuf);
 151   3          #endif
 152   3          }
 153   2          else
 154   2          {
 155   3            DisplayString(0,0,StrTabNum);
 156   3            //sprintf(Disbuf,"%s",StrTabNum);
 157   3          }
 158   2          //DisplayString(1,0,Disbuf);
 159   2          if(PswEditMidx == 0)
 160   2          {
 161   3          #ifdef LANGUAGE_HB  
                    //SetFlash(1,(10-PswEditIdx));
                    SetFlash(1,15-HBstrlen(StrTabNum));
                  #else
 165   3            SetFlash(0,strlen(Disbuf));
 166   3          #endif
 167   3          }
 168   2        }
 169   1        if(edit)
 170   1        {
 171   2          if(pItem->Psw1 > 0)
 172   2          {
 173   3            //sprintf(Disbuf,"%s%lu",StrTabPsw1,pItem->Psw1);
 174   3            sprintf(Disbuf,"%s%",StrTabPsw1);
 175   3            tmp = PswEditItem.Psw1;
 176   3            for(i=0;(tmp > 0);i++)
C51 COMPILER V9.57.0.0   UNLOCKPASSWORD                                                    08/04/2022 14:14:42 PAGE 4   

 177   3            {
 178   4              Disbuf[strlen(StrTabPsw1)+i] = '*';
 179   4              tmp /= 10;
 180   4            }
 181   3            Disbuf[strlen(StrTabPsw1)+i] = 0;
 182   3            DisplayString(1,0,Disbuf);
 183   3            if(PswEditMidx == ((SysStatus != SYS_EDIT_SYSPSW)?1:0))
 184   3            {
 185   4            #ifdef LANGUAGE_HB  
                      SetFlash(2,(9-PswEditIdx));
                    #else
 188   4              SetFlash(1,strlen(Disbuf));
 189   4            #endif
 190   4            }
 191   3          }
 192   2          else
 193   2          {
 194   3            DisplayString(1,0,StrTabPsw1);
 195   3            if(PswEditMidx == ((SysStatus != SYS_EDIT_SYSPSW)?1:0))
 196   3            {
 197   4            #ifdef LANGUAGE_HB  
                      SetFlash(2,9);
                    #else
 200   4              SetFlash(1,strlen(StrTabPsw1));
 201   4            #endif
 202   4            }
 203   3          }
 204   2          if(SysStatus != SYS_INPUT_PSW)
 205   2          {
 206   3            if(pItem->Psw2 > 0)
 207   3            {
 208   4              //sprintf(Disbuf,"%s%lu",StrTabPsw2,pItem->Psw2);
 209   4              sprintf(Disbuf,"%s%",StrTabPsw2);
 210   4              tmp = PswEditItem.Psw2;
 211   4              for(i=0;(tmp > 0);i++)
 212   4              {
 213   5                Disbuf[strlen(StrTabPsw2)+i] = '*';
 214   5                tmp /= 10;
 215   5              }
 216   4              Disbuf[strlen(StrTabPsw2)+i] = 0;
 217   4              DisplayString(2,0,StrTabPsw3);
 218   4              DisplayString(3,0,Disbuf);
 219   4              if(PswEditMidx == ((SysStatus != SYS_EDIT_SYSPSW)?2:1))
 220   4              {
 221   5              #ifdef LANGUAGE_HB  
                        SetFlash(3,(11-PswEditIdx));
                      #else
 224   5                SetFlash(3,strlen(Disbuf));
 225   5              #endif
 226   5              }
 227   4            }
 228   3            else
 229   3            {
 230   4              DisplayString(3,0,StrTabPsw2);
 231   4              DisplayString(2,0,StrTabPsw3);
 232   4              if(PswEditMidx == ((SysStatus != SYS_EDIT_SYSPSW)?2:1))
 233   4              {
 234   5              #ifdef LANGUAGE_HB  
                        SetFlash(3,11);
                      #else
 237   5                SetFlash(3,strlen(StrTabPsw2));
 238   5              #endif
C51 COMPILER V9.57.0.0   UNLOCKPASSWORD                                                    08/04/2022 14:14:42 PAGE 5   

 239   5              }
 240   4            }
 241   3          }
 242   2        }
 243   1      }
 244          
 245          
 246          void EditPswCon(void)
 247          {
 248   1        ClearBuf((u8 *)&PswEditItem,sizeof(PswEditType));
 249   1        PswEditMidx = 0;
 250   1        PswEditIdx = 0;
 251   1        SysStatus = SYS_EDIT_PSW;
 252   1        ShowPsw(&PswEditItem,true);
 253   1      }
 254          
 255          void PswEditKey(u8 key)
 256          {
 257   1        u16 tmp;
 258   1        PswItemType tmpItem;
 259   1        static bool Saved = false;
 260   1        if(key == KEY_SURE)
 261   1        {
 262   2          if(PswEditMidx == 3)
 263   2          {
 264   3            if(Saved)
 265   3            {
 266   4              ClearBuf((u8 *)&PswEditItem,sizeof(PswEditItem));
 267   4              PswEditIdx = 0;
 268   4            }
 269   3            else
 270   3            {
 271   4              if((PswEditItem.Room > 0)
 272   4                && (PswEditItem.Psw1 != 0)
 273   4                && (PswEditItem.Psw1 == PswEditItem.Psw2))
 274   4              {
 275   5                tmpItem.Room = PswEditItem.Room;
 276   5                tmpItem.Psw = PswEditItem.Psw1;
 277   5                if(AddPswItem(&tmpItem) != 0xFFFF)
 278   5                {
 279   6                  ShowSaveOK();
 280   6                }
 281   5                else
 282   5                {
 283   6                  ShowErr();
 284   6                }
 285   5                ClearBuf((u8 *)&PswEditItem,sizeof(PswEditItem));
 286   5                Saved = true;
 287   5                PswEditItem.Psw1 = 0;
 288   5                PswEditItem.Psw2 = 0;
 289   5              }
 290   4              else
 291   4              {
 292   5                ShowErr();
 293   5              }
 294   4              return;
 295   4            }
 296   3          }
 297   2          PswEditMidx++;
 298   2          PswEditMidx %= 4;
 299   2          PswEditIdx = 0;
 300   2          switch(PswEditMidx)
C51 COMPILER V9.57.0.0   UNLOCKPASSWORD                                                    08/04/2022 14:14:42 PAGE 6   

 301   2          {
 302   3            case 0:
 303   3              PswEditMidx = 0;
 304   3              tmp = PswEditItem.Room;
 305   3              while(tmp > 0)
 306   3              {
 307   4                PswEditIdx++;
 308   4                tmp /= 10;
 309   4              }
 310   3              break;
 311   3            case 1:
 312   3              PswEditItem.Psw1 = 0;
 313   3              PswEditIdx = 0;
 314   3      //        tmp = PswEditItem.Psw1;
 315   3      //        while(tmp > 0)
 316   3      //        {
 317   3      //          PswEditIdx++;
 318   3      //          tmp /= 10;
 319   3      //        }
 320   3              break;
 321   3            case 2:
 322   3              PswEditItem.Psw2 = 0;
 323   3              PswEditIdx = 0;
 324   3      //        tmp = PswEditItem.Psw2;
 325   3      //        while(tmp > 0)
 326   3      //        {
 327   3      //          PswEditIdx++;
 328   3      //          tmp /= 10;
 329   3      //        }
 330   3              break;
 331   3            case 3:
 332   3              ShowConfirmSave();
 333   3              Saved = false;
 334   3              return;
 335   3          }
 336   2        }
 337   1        else if(key == KEY_DEL)
 338   1        {
 339   2          switch(PswEditMidx)
 340   2          {
 341   3            case 0:
 342   3              if(PswEditIdx > 0)
 343   3              {
 344   4                PswEditIdx--;
 345   4                PswEditItem.Room /= 10;
 346   4              }
 347   3              else
 348   3              {
 349   4                PswSetCon();
 350   4                return;
 351   4              }
 352   3              break;
 353   3            case 1:
 354   3              if(PswEditIdx > 0)
 355   3              {
 356   4                PswEditIdx--;
 357   4                PswEditItem.Psw1 /= 10;
 358   4              }
 359   3              else
 360   3              {
 361   4                PswEditMidx--;
 362   4                PswEditIdx = 0;
C51 COMPILER V9.57.0.0   UNLOCKPASSWORD                                                    08/04/2022 14:14:42 PAGE 7   

 363   4                tmp = PswEditItem.Room;
 364   4                while(tmp > 0)
 365   4                {
 366   5                  PswEditIdx++;
 367   5                  tmp /= 10;
 368   5                }
 369   4              }
 370   3              break;
 371   3            case 2:
 372   3              if(PswEditIdx > 0)
 373   3              {
 374   4                PswEditIdx--;
 375   4                PswEditItem.Psw2 /= 10;
 376   4              }
 377   3              else
 378   3              {
 379   4                PswEditMidx--;
 380   4                PswEditIdx = 0;
 381   4                tmp = PswEditItem.Psw1;
 382   4                while(tmp > 0)
 383   4                {
 384   5                  PswEditIdx++;
 385   5                  tmp /= 10;
 386   5                }
 387   4              }
 388   3              break;
 389   3            case 3:
 390   3              PswEditMidx = 0;
 391   3              PswEditIdx = 0;
 392   3              tmp = PswEditItem.Room;
 393   3              while(tmp > 0)
 394   3              {
 395   4                PswEditIdx++;
 396   4                tmp /= 10;
 397   4              }
 398   3              break;
 399   3          }
 400   2        }
 401   1        else if(key == KEY_BELL)
 402   1        {
 403   2          PswSetCon();
 404   2          return;
 405   2        }
 406   1      
 407   1        if((key >= 0) && (key <= 9))
 408   1        {
 409   2          switch(PswEditMidx)
 410   2          {
 411   3            case 0:
 412   3              if(PswEditIdx < 4)
 413   3              {
 414   4                PswEditItem.Room *= 10;
 415   4                PswEditItem.Room += key;
 416   4                PswEditIdx++;
 417   4                if(PswEditItem.Room > PSW_COUNT)
 418   4                {
 419   5                  PswEditItem.Room = key;
 420   5                  PswEditIdx = 0;
 421   5                }
 422   4              }
 423   3              
 424   3              if(PswEditItem.Room == 0)
C51 COMPILER V9.57.0.0   UNLOCKPASSWORD                                                    08/04/2022 14:14:42 PAGE 8   

 425   3              {
 426   4                PswEditIdx = 0;
 427   4              }
 428   3              break;
 429   3            case 1:
 430   3              if(PswEditIdx < 4)
 431   3              {
 432   4                PswEditItem.Psw1 *= 10;
 433   4                PswEditItem.Psw1 += key;
 434   4                PswEditIdx++;
 435   4              }
 436   3              if(PswEditItem.Psw1 == 0)
 437   3              {
 438   4                PswEditIdx = 0;
 439   4              }
 440   3              break;
 441   3            case 2:
 442   3              if(PswEditIdx < 4)
 443   3              {
 444   4                PswEditItem.Psw2 *= 10;
 445   4                PswEditItem.Psw2 += key;
 446   4                PswEditIdx++;
 447   4              }
 448   3              if(PswEditItem.Psw2 == 0)
 449   3              {
 450   4                PswEditIdx = 0;
 451   4              }
 452   3              break;
 453   3          }
 454   2        }
 455   1        ShowPsw(&PswEditItem,true);
 456   1      }
 457          
 458          void DeletePswCon(void)
 459          {
 460   1        ClearBuf((u8 *)&PswEditItem,sizeof(PswEditType));
 461   1        PswEditMidx = 0;
 462   1        PswEditIdx = 0;
 463   1        SysStatus = SYS_DEL_PSW;
 464   1        ShowPsw(&PswEditItem,false);
 465   1      }
 466          
 467          void PswDeleteKey(u8 key)
 468          {
 469   1        u16 tmp;
 470   1        static bool Saved = false;
 471   1        if(key == KEY_SURE)
 472   1        {
 473   2          if(PswEditMidx == 1)
 474   2          {
 475   3            if(Saved)
 476   3            {
 477   4              ClearBuf((u8 *)&PswEditItem,sizeof(PswEditItem));
 478   4              PswEditIdx = 0;
 479   4            }
 480   3            else
 481   3            {
 482   4              if(PswEditItem.Room > 0)
 483   4              {
 484   5                DelPswByRoom(PswEditItem.Room);
 485   5                ClearBuf((u8 *)&PswEditItem,sizeof(PswEditItem));
 486   5                Saved = true;
C51 COMPILER V9.57.0.0   UNLOCKPASSWORD                                                    08/04/2022 14:14:42 PAGE 9   

 487   5                ShowDeleteOK();
 488   5              }
 489   4              return;
 490   4            }
 491   3          }
 492   2          PswEditMidx++;
 493   2          PswEditMidx %= 2;
 494   2          PswEditIdx = 0;
 495   2          switch(PswEditMidx)
 496   2          {
 497   3            case 0:
 498   3              PswEditIdx = 0;
 499   3              tmp = PswEditItem.Room;
 500   3              while(tmp > 0)
 501   3              {
 502   4                PswEditIdx++;
 503   4                tmp /= 10;
 504   4              }
 505   3              break;
 506   3            case 1:
 507   3              ShowConfirmDel();
 508   3              Saved = false;
 509   3              return;
 510   3              break;
 511   3          }
 512   2        }
 513   1        else if(key == KEY_DEL)
 514   1        {
 515   2          switch(PswEditMidx)
 516   2          {
 517   3            case 0:
 518   3              if(PswEditIdx > 0)
 519   3              {
 520   4                PswEditIdx--;
 521   4                PswEditItem.Room /= 10;
 522   4              }
 523   3              else
 524   3              {
 525   4                PswSetCon();
 526   4                return;
 527   4              }
 528   3              break;
 529   3            case 1:
 530   3              PswEditMidx = 0;
 531   3              PswEditIdx = 0;
 532   3              tmp = PswEditItem.Room;
 533   3              while(tmp > 0)
 534   3              {
 535   4                PswEditIdx++;
 536   4                tmp /= 10;
 537   4              }
 538   3              break;
 539   3          }
 540   2        }
 541   1        else if(key == KEY_BELL)
 542   1        {
 543   2          PswSetCon();
 544   2          return;
 545   2        }
 546   1      
 547   1        if((key >= 0) && (key <= 9))
 548   1        {
C51 COMPILER V9.57.0.0   UNLOCKPASSWORD                                                    08/04/2022 14:14:42 PAGE 10  

 549   2          switch(PswEditMidx)
 550   2          {
 551   3            case 0:
 552   3              if(PswEditIdx < 4)
 553   3              {
 554   4                PswEditItem.Room *= 10;
 555   4                PswEditItem.Room += key;
 556   4                PswEditIdx++;
 557   4                if(PswEditItem.Room > PSW_COUNT)
 558   4                {
 559   5                  PswEditItem.Room = key;
 560   5                  PswEditIdx = 0;
 561   5                }
 562   4              }
 563   3              if(PswEditItem.Room == 0)
 564   3              {
 565   4                PswEditIdx = 0;
 566   4              }
 567   3              break;
 568   3          }
 569   2        }
 570   1        ShowPsw(&PswEditItem,false);
 571   1      }
 572          
 573          void DeleteAllPswCon(void)
 574          {
 575   1        SysStatus = SYS_DEL_ALLPSW;
 576   1        LcdClear();
 577   1        DisplayString(1,0,StrTabDelAllPsw);
 578   1      }
 579          void PswDelAllKey(u8 key)
 580          {
 581   1        switch(key)
 582   1        {
 583   2          case KEY_SURE:
 584   2            ClearPsw();
 585   2            ShowDeleteOK();
 586   2            break;
 587   2          case KEY_BELL:
 588   2          case KEY_DEL:
 589   2            PswSetCon();
 590   2            break;
 591   2        }
 592   1      }
 593          
 594          void PswSetCon(void)
 595          {
 596   1        u8 Disbuf[10];
 597   1        
 598   1        SysStatus = SYS_SET_PSW;
 599   1        
 600   1        LcdClear();
 601   1        DisplayString(0,0,StrTabPswSet1);
 602   1        DisplayString(1,0,StrTabPswSet2);
 603   1        DisplayString(2,0,StrTabPswSet3);
 604   1        DisplayString(3,0,StrTabListCount);
 605   1        sprintf(Disbuf,"%u",UsrPara.PswCount);  
 606   1        #ifdef LANGUAGE_HB
                DisplayString(3,15-HBstrlen(StrTabListCount)-strlen(Disbuf),Disbuf);  
                #else
 609   1        DisplayString(3,6,Disbuf);  
 610   1        #endif
C51 COMPILER V9.57.0.0   UNLOCKPASSWORD                                                    08/04/2022 14:14:42 PAGE 11  

 611   1      }
 612          
 613          void PswSetKey(u8 key)
 614          {
 615   1        switch(key)
 616   1        {
 617   2          case 1:
 618   2            EditPswCon();
 619   2            break;
 620   2          case 2:
 621   2            DeletePswCon();
 622   2            break;
 623   2          case 3:
 624   2            DeleteAllPswCon();
 625   2            break;
 626   2          case KEY_DEL:
 627   2          case KEY_BELL:
 628   2            SysSettingCon();
 629   2            break;
 630   2        }
 631   1      }
 632          
 633          void InputPswCon(void)
 634          {
 635   1        ClearBuf((u8 *)&PswEditItem,sizeof(PswEditType));
 636   1        PswEditMidx = 1;
 637   1        PswEditIdx = 0;
 638   1        SysStatus = SYS_INPUT_PSW;
 639   1        ShowPsw(&PswEditItem,true);
 640   1        MP3_StartPlay(MP3_InputPsw);
 641   1      }
 642          
 643          void PswInputKey(u8 key)
 644          {
 645   1      //  u16 tmp;
 646   1      //  PswItemType tmpItem;
 647   1      /*  if(key == KEY_SURE)
 648   1        {
 649   1          if(PswEditMidx == 1)
 650   1          {
 651   1            if((PswEditItem.Room > 0)
 652   1              && (PswEditIdx == 4))
 653   1            {
 654   1              if(GetPswByRoom(PswEditItem.Room,&tmpItem) != 0xFFFF)
 655   1              {
 656   1                if(tmpItem.Psw == PswEditItem.Psw1)
 657   1                {
 658   1                  Unlock();
 659   1                  IdleTime = 4;
 660   1                  PswEditItem.Psw1 = 0;
 661   1                  PswEditItem.Room = 0;
 662   1                  PswEditIdx = 0;
 663   1                  PswEditMidx = 0;
 664   1                  return;
 665   1                }
 666   1                else
 667   1                {
 668   1                  PswEditItem.Psw1 = 0;
 669   1                  PswEditIdx = 0;
 670   1                  ShowErr();
 671   1                  MP3_StartPlay(MP3_PwdErr);
 672   1                }
C51 COMPILER V9.57.0.0   UNLOCKPASSWORD                                                    08/04/2022 14:14:42 PAGE 12  

 673   1              }
 674   1      //        else if(PswEditItem.Room > 0)
 675   1      //        {
 676   1      //          PswEditItem.Psw1 = 0;
 677   1      //          PswEditItem.Room = 0;
 678   1      //          PswEditIdx = 0;
 679   1      //          MP3_StartPlay(MP3_RoomErr);
 680   1      //        }
 681   1            }
 682   1            else if(PswEditItem.Room > 0)
 683   1            {
 684   1              PswEditItem.Psw1 = 0;
 685   1              PswEditIdx = 0;
 686   1              ShowErr();
 687   1              MP3_StartPlay(MP3_PwdErr);
 688   1            }
 689   1            
 690   1            IdleTime = 5;
 691   1            return;
 692   1          }
 693   1          PswEditMidx++;
 694   1          PswEditMidx %= 2;
 695   1          PswEditIdx = 0;
 696   1          switch(PswEditMidx)
 697   1          {
 698   1            case 0:
 699   1              PswEditMidx = 0;
 700   1              tmp = PswEditItem.Room;
 701   1              while(tmp > 0)
 702   1              {
 703   1                PswEditIdx++;
 704   1                tmp /= 10;
 705   1              }
 706   1              break;
 707   1            case 1:
 708   1              if(GetPswByRoom(PswEditItem.Room,&tmpItem) == 0xFFFF)
 709   1              {
 710   1                MP3_StartPlay(MP3_RoomErr);
 711   1                ShowErr();
 712   1                IdleTime = 5;
 713   1                PswEditItem.Room = 0;
 714   1                PswEditIdx = 0;
 715   1                return;
 716   1              }
 717   1              PswEditItem.Psw1 = 0;
 718   1              MP3_StartPlay(MP3_InputPsw);
 719   1              break;
 720   1          }
 721   1        }
 722   1        else */
 723   1        if(key == KEY_DEL)
 724   1        {
 725   2          switch(PswEditMidx)
 726   2          {
 727   3      //      case 0:
 728   3      //        if(PswEditIdx > 0)
 729   3      //        {
 730   3      //          PswEditIdx--;
 731   3      //          PswEditItem.Room /= 10;
 732   3      //        }
 733   3      //        else
 734   3      //        {
C51 COMPILER V9.57.0.0   UNLOCKPASSWORD                                                    08/04/2022 14:14:42 PAGE 13  

 735   3      //        #ifdef PWM_AUDIO
 736   3      //          MP3_Stop();
 737   3      //        #endif
 738   3      //          SysIdleCon();
 739   3      //          return;
 740   3      //        }
 741   3      //        break;
 742   3            case 1:
 743   3              if(PswEditIdx > 0)
 744   3              {
 745   4                PswEditIdx--;
 746   4                PswEditItem.Psw1 /= 10;
 747   4              }
 748   3              else
 749   3              {
 750   4                SysIdleCon();
 751   4              #ifdef PWM_AUDIO
 752   4                MP3_Stop();
 753   4              #endif
 754   4                return;
 755   4              }
 756   3              break;
 757   3          }
 758   2        }
 759   1        else if(key == KEY_BELL)
 760   1        {
 761   2          SysIdleCon();
 762   2          #ifdef PWM_AUDIO
 763   2            MP3_Stop();
 764   2          #endif
 765   2          return;
 766   2        }
 767   1      
 768   1        if((key >= 0) && (key <= 9))
 769   1        {
 770   2          switch(PswEditMidx)
 771   2          {
 772   3      //      case 0:
 773   3      //        if(PswEditIdx < 4)
 774   3      //        {
 775   3      //          PswEditItem.Room *= 10;
 776   3      //          PswEditItem.Room += key;
 777   3      //          PswEditIdx++;
 778   3      //        }
 779   3      //        if(PswEditItem.Room == 0)
 780   3      //        {
 781   3      //          PswEditIdx = 0;
 782   3      //        }
 783   3      //        break;
 784   3            case 1:
 785   3              if(PswEditIdx < 4)
 786   3              {
 787   4                PswEditItem.Psw1 *= 10;
 788   4                PswEditItem.Psw1 += key;
 789   4                PswEditIdx++;
 790   4              }
 791   3              if(PswEditItem.Psw1 == 0)
 792   3              {
 793   4                PswEditIdx = 0;
 794   4              }
 795   3              
 796   3      //        if((PswEditItem.Room > 0)
C51 COMPILER V9.57.0.0   UNLOCKPASSWORD                                                    08/04/2022 14:14:42 PAGE 14  

 797   3      //          && (PswEditIdx == 4))
 798   3              if(PswEditIdx == 4)
 799   3              {
 800   4                //if(GetPswByRoom(PswEditItem.Room,&tmpItem) != 0xFFFF)
 801   4                {
 802   5                  //if(tmpItem.Psw == PswEditItem.Psw1)
 803   5                  if(CheckPsw(PswEditItem.Psw1))
 804   5                  {
 805   6                    Unlock(true);
 806   6                    IdleTime = 3;
 807   6                    PswEditItem.Psw1 = 0;
 808   6                    PswEditItem.Room = 0;
 809   6                    PswEditIdx = 0;
 810   6                    PswEditMidx = 1;
 811   6                    return;
 812   6                  }
 813   5                  else
 814   5                  {
 815   6                    PswEditItem.Psw1 = 0;
 816   6                    PswEditIdx = 0;
 817   6                    PswEditMidx = 1;
 818   6                    ShowErr();
 819   6                    MP3_StartPlay(MP3_PwdErr);
 820   6                    IdleTime = 5;
 821   6                  }
 822   5                }
 823   4      //          else
 824   4      //          {
 825   4      //            PswEditItem.Psw1 = 0;
 826   4      //            PswEditItem.Room = 0;
 827   4      //            PswEditIdx = 0;
 828   4      //            PswEditMidx = 0;
 829   4      //            MP3_StartPlay(MP3_RoomErr);
 830   4      //            IdleTime = 5;
 831   4      //          }
 832   4                
 833   4                return;
 834   4              }
 835   3              break;
 836   3          }
 837   2        }
 838   1        ShowPsw(&PswEditItem,true);
 839   1      }
 840          
 841          
 842          void EditSysPswCon(void)
 843          {
 844   1        ClearBuf((u8 *)&PswEditItem,sizeof(PswEditType));
 845   1        PswEditMidx = 0;
 846   1        PswEditIdx = 0;
 847   1        SysStatus = SYS_EDIT_SYSPSW;
 848   1        ShowPsw(&PswEditItem,true);
 849   1      }
 850          void SaveSysPsw(void)
 851          {
 852   1        writeBuf_at24c02(SYS_PARA_ADDR+((u16)((u32)(&SysPara.SysPsw)-(u32)(&SysPara))), (u8 *)&SysPara.SysPsw,siz
             -eof(SysPara.SysPsw));
 853   1      }
 854          
 855          void SysPswEditKey(u8 key)
 856          {
 857   1        u16 tmp;
C51 COMPILER V9.57.0.0   UNLOCKPASSWORD                                                    08/04/2022 14:14:42 PAGE 15  

 858   1        static bool Saved = false;
 859   1        if(key == KEY_SURE)
 860   1        {
 861   2          if(PswEditMidx == 2)
 862   2          {
 863   3            if(Saved)
 864   3            {
 865   4              ClearBuf((u8 *)&PswEditItem,sizeof(PswEditItem));
 866   4              PswEditIdx = 0;
 867   4            }
 868   3            else
 869   3            {
 870   4              if((PswEditItem.Psw1 != 0)
 871   4                && (PswEditItem.Psw1 == PswEditItem.Psw2))
 872   4              {
 873   5                SysPara.SysPsw= PswEditItem.Psw1;
 874   5                SaveSysPsw();
 875   5                ShowSaveOK();
 876   5                ClearBuf((u8 *)&PswEditItem,sizeof(PswEditItem));
 877   5                Saved = true;
 878   5                PswEditItem.Psw1 = 0;
 879   5                PswEditItem.Psw2 = 0;
 880   5              }
 881   4              else
 882   4              {
 883   5                PswEditItem.Psw1 = 0;
 884   5                PswEditItem.Psw2 = 0;
 885   5                ShowErr();
 886   5              }
 887   4              return;
 888   4            }
 889   3          }
 890   2          if((PswEditMidx == 1) && (PswEditIdx != 6))
 891   2          {
 892   3            return;
 893   3          }
 894   2          PswEditMidx++;
 895   2          PswEditMidx %= 3;
 896   2          PswEditIdx = 0;
 897   2          switch(PswEditMidx)
 898   2          {
 899   3            case 0:
 900   3              PswEditItem.Psw1 = 0;
 901   3              PswEditIdx = 0;
 902   3              break;
 903   3            case 1:
 904   3              PswEditItem.Psw2 = 0;
 905   3              PswEditIdx = 0;
 906   3              break;
 907   3            case 2:
 908   3              ShowConfirmSave();
 909   3              Saved = false;
 910   3              return;
 911   3          }
 912   2        }
 913   1        else if(key == KEY_DEL)
 914   1        {
 915   2          switch(PswEditMidx)
 916   2          {
 917   3            case 0:
 918   3              if(PswEditIdx > 0)
 919   3              {
C51 COMPILER V9.57.0.0   UNLOCKPASSWORD                                                    08/04/2022 14:14:42 PAGE 16  

 920   4                PswEditIdx--;
 921   4                PswEditItem.Psw1 /= 10;
 922   4              }
 923   3              else
 924   3              {
 925   4                SysSettingCon();
 926   4                return;
 927   4              }
 928   3              break;
 929   3            case 1:
 930   3              if(PswEditIdx > 0)
 931   3              {
 932   4                PswEditIdx--;
 933   4                PswEditItem.Psw2 /= 10;
 934   4              }
 935   3              else
 936   3              {
 937   4                PswEditMidx--;
 938   4                PswEditIdx = 0;
 939   4                tmp = PswEditItem.Psw1;
 940   4                while(tmp > 0)
 941   4                {
 942   5                  PswEditIdx++;
 943   5                  tmp /= 10;
 944   5                }
 945   4              }
 946   3              break;
 947   3            case 2:
 948   3              PswEditMidx = 0;
 949   3              PswEditIdx = 0;
 950   3              break;
 951   3          }
 952   2        }
 953   1        else if(key == KEY_BELL)
 954   1        {
 955   2          SysSettingCon();
 956   2          return;
 957   2        }
 958   1      
 959   1        if((key >= 0) && (key <= 9))
 960   1        {
 961   2          switch(PswEditMidx)
 962   2          {
 963   3            case 0:
 964   3              if(PswEditIdx < 6)
 965   3              {
 966   4                PswEditItem.Psw1 *= 10;
 967   4                PswEditItem.Psw1 += key;
 968   4                PswEditIdx++;
 969   4              }
 970   3              if(PswEditItem.Psw1 == 0)
 971   3              {
 972   4                PswEditIdx = 0;
 973   4              }
 974   3              break;
 975   3            case 1:
 976   3              if(PswEditIdx < 6)
 977   3              {
 978   4                PswEditItem.Psw2 *= 10;
 979   4                PswEditItem.Psw2 += key;
 980   4                PswEditIdx++;
 981   4              }
C51 COMPILER V9.57.0.0   UNLOCKPASSWORD                                                    08/04/2022 14:14:42 PAGE 17  

 982   3              if(PswEditItem.Psw2 == 0)
 983   3              {
 984   4                PswEditIdx = 0;
 985   4              }
 986   3              break;
 987   3          }
 988   2        }
 989   1        ShowPsw(&PswEditItem,true);
 990   1      }
 991          


MODULE INFORMATION:   STATIC OVERLAYABLE
   CODE SIZE        =   4300    ----
   CONSTANT SIZE    =     26    ----
   XDATA SIZE       =     12      76
   PDATA SIZE       =   ----    ----
   DATA SIZE        =   ----    ----
   IDATA SIZE       =   ----    ----
   BIT SIZE         =      3       1
END OF MODULE INFORMATION.


C51 COMPILATION COMPLETE.  0 WARNING(S),  0 ERROR(S)
