C51 COMPILER V9.57.0.0   UNLOCKPASSWORD                                                    08/04/2022 14:16:59 PAGE 1   


C51 COMPILER V9.57.0.0, COMPILATION OF MODULE UNLOCKPASSWORD
OBJECT MODULE PLACED IN .\Objects\UnlockPassword.obj
COMPILER INVOKED BY: D:\keil-c51\C51\BIN\C51.EXE UserSrc\UnlockPassword.c LARGE OPTIMIZE(8,SPEED) BROWSE NOINTPROMOTE IN
                    -CDIR(.\UserSrc;.\StcLib;.\UserSrc\ENG) DEBUG OBJECTEXTEND PRINT(.\Listings\UnlockPassword.lst) TABS(2) OBJECT(.\Objects\
                    -UnlockPassword.obj)

line level    source

   1          #include "UnlockPassword.h"
   2          #include "Driver.h"
   3          #include "Eeprom.h"
   4          #include "SysString.h"
   5          #include "stdio.h"
   6          #include "Lcd12864.h"
   7          #include "SysStatus.h"
   8          #include "NameList.h"
   9          #include "Audio.h"
  10          
  11          void SavePswCount(void)
  12          {
  13   1        writeBuf_at24c02(USER_PARA_ADDR+((uint16_t)((uint32_t)(&UsrPara.PswCount)-(uint32_t)(&UsrPara))), (uint8_
             -t *)&UsrPara.PswCount,sizeof(UsrPara.PswCount));
  14   1      }
  15          
  16          void ClearPsw(void)
  17          {
  18   1        UsrPara.PswCount = 0;
  19   1        SavePswCount();
  20   1      }
  21          
  22          void InitPsw(void)
  23          {
  24   1        if(UsrPara.PswCount > PSW_COUNT)
  25   1        {
  26   2          ClearPsw();
  27   2        }
  28   1      }
  29          
  30          void WritePswByIdx(uint16_t idx,PswItemType *pItem)
  31          {
  32   1        uint16_t addr = (uint16_t)idx;
  33   1        addr *= sizeof(PswItemType);
  34   1        writeBuf_at24c02(USER_PSW_ADDR+addr, (uint8_t *)pItem,sizeof(PswItemType));
  35   1      }
  36          
  37          void ReadPswByIdx(uint16_t idx,PswItemType *pItem)
  38          {
  39   1        uint16_t addr = (uint16_t)idx;
  40   1        addr *= sizeof(PswItemType);
  41   1        readBuf_at24c02(USER_PSW_ADDR+addr, (uint8_t *)pItem,sizeof(PswItemType));
  42   1      }
  43          
  44          //uint16_t GetPswByRoom(uint16_t room,PswItemType *pItem)
  45          //{
  46          //  uint16_t idx = 0xFFFF;
  47          //  idx = GetIdxByRoom(room,UNLOCK_PSW);
  48          //  if(idx != 0xFFFF)
  49          //  {
  50          //    ReadPswByIdx(idx,pItem);
  51          //    return idx;
  52          //  }
C51 COMPILER V9.57.0.0   UNLOCKPASSWORD                                                    08/04/2022 14:16:59 PAGE 2   

  53          //  return 0xFFFF;
  54          //}
  55          
  56          bool CheckPsw(uint16_t psw)
  57          {
  58   1        uint16_t i = 0;
  59   1        PswItemType pItem;
  60   1        printf("CheckPsw:%u\r\n",psw);
  61   1        if(UsrPara.PswCount == 0)
  62   1        {
  63   2          return false;
  64   2        }
  65   1        for(i=0;i<UsrPara.PswCount;i++)
  66   1        {
  67   2          ReadPswByIdx(i,&pItem);
  68   2          if(pItem.Psw == psw)
  69   2          {
  70   3            return true;
  71   3          }
  72   2        }
  73   1        return false;
  74   1      }
  75          
  76          uint16_t AddPswItem(PswItemType *pItem)
  77          {
  78   1        uint16_t idx = 0xFFFF;
  79   1        idx = GetIdxByRoom(pItem->Room,UNLOCK_PSW);
  80   1      //  printf("idx:%u,%X\r\n",idx,idx);
  81   1        if(idx != 0xFFFF)
  82   1        {
  83   2          printf("AddPswItem 1\r\n");
  84   2          WritePswByIdx(idx,pItem);
  85   2          return idx;
  86   2        }
  87   1        else if(UsrPara.PswCount < PSW_COUNT)
  88   1        {
  89   2      //    printf("AddPswItem 2\r\n");
  90   2          WritePswByIdx(UsrPara.PswCount,pItem);
  91   2          UsrPara.PswCount++;
  92   2          SavePswCount();
  93   2          return UsrPara.PswCount-1;
  94   2        }
  95   1      //  printf("AddPswItem 3\r\n");
  96   1        return 0xFFFF;
  97   1      }
  98          
  99          void DelPswByIdx(uint16_t idx)
 100          {
 101   1        PswItemType tmpItem;
 102   1        if(idx < UsrPara.PswCount)
 103   1        {
 104   2          if(idx == (UsrPara.PswCount-1))
 105   2          {
 106   3            UsrPara.PswCount--;
 107   3            SavePswCount();
 108   3          }
 109   2          else
 110   2          {
 111   3            UsrPara.PswCount--;
 112   3            SavePswCount();
 113   3            ReadPswByIdx(UsrPara.PswCount,&tmpItem);
 114   3            WritePswByIdx(idx,&tmpItem);
C51 COMPILER V9.57.0.0   UNLOCKPASSWORD                                                    08/04/2022 14:16:59 PAGE 3   

 115   3          }
 116   2        }
 117   1      }
 118          
 119          void DelPswByRoom(uint16_t room)
 120          {
 121   1        uint16_t idx = GetIdxByRoom(room,UNLOCK_PSW);
 122   1        while(idx != 0xFFFF)
 123   1        {
 124   2          DelPswByIdx(idx);
 125   2          idx = GetIdxByRoom(room,UNLOCK_PSW);
 126   2        }
 127   1      }
 128          
 129          PswEditType PswEditItem;
 130          static uint8_t PswEditMidx = 0;
 131          static uint8_t PswEditIdx = 0;
 132          
 133          void ShowPsw(PswEditType *pItem,bool edit)
 134          {
 135   1        uint8_t Disbuf[32],i;
 136   1        uint32_t tmp;
 137   1        LcdClear();
 138   1        if(SysStatus == SYS_EDIT_SYSPSW)
 139   1        {
 140   2          DisplayString(0,0,StrTabSysPsw);
 141   2        }
 142   1        else if(SysStatus != SYS_INPUT_PSW)
 143   1        //if((SysStatus != SYS_EDIT_SYSPSW) && (SysStatus != SYS_INPUT_PSW))
 144   1        {
 145   2          if(pItem->Room > 0)
 146   2          {
 147   3            //sprintf(Disbuf,"%s%u",StrTabNum,pItem->Room);
 148   3          //  DisplayString(1,0,Disbuf);
 149   3            DisplayString(0,0,StrTabNum);
 150   3          #ifdef LANGUAGE_HB  
                    sprintf(Disbuf,"%u",pItem->Room);
                    DisplayString(1,(16-HBstrlen(StrTabNum)-strlen(Disbuf)),Disbuf);
                  #else
 154   3            sprintf(Disbuf,"%s%u",StrTabNum,pItem->Room);
 155   3            DisplayString(0,0,Disbuf);
 156   3          #endif
 157   3          }
 158   2          else
 159   2          {
 160   3            DisplayString(0,0,StrTabNum);
 161   3          //  sprintf(Disbuf,"%s",StrTabNum);
 162   3          }
 163   2          //DisplayString(1,0,Disbuf);
 164   2          if(PswEditMidx == 0)
 165   2          {
 166   3          #ifdef LANGUAGE_HB  
                    //SetFlash(1,(10-PswEditIdx));
                    SetFlash(1,15-HBstrlen(StrTabNum));
                  #else
 170   3            SetFlash(0,strlen(Disbuf));
 171   3          #endif
 172   3          }
 173   2        }
 174   1        if(edit)
 175   1        {
 176   2          if(pItem->Psw1 > 0)
C51 COMPILER V9.57.0.0   UNLOCKPASSWORD                                                    08/04/2022 14:16:59 PAGE 4   

 177   2          {
 178   3      //      sprintf(Disbuf,"%s%lu",StrTabPsw1,pItem->Psw1);
 179   3      //      DisplayString((SysStatus != SYS_EDIT_SYSPSW)?2:1,0,Disbuf);
 180   3            sprintf(Disbuf,"%s%",StrTabPsw1);
 181   3            tmp = PswEditItem.Psw1;
 182   3            for(i=0;(tmp > 0);i++)
 183   3            {
 184   4              Disbuf[strlen(StrTabPsw1)+i] = '*';
 185   4              tmp /= 10;
 186   4            }
 187   3            Disbuf[strlen(StrTabPsw1)+i] = 0;
 188   3            DisplayString(1,0,Disbuf);
 189   3            if(PswEditMidx == ((SysStatus != SYS_EDIT_SYSPSW)?1:0))
 190   3            {
 191   4            #ifdef LANGUAGE_HB  
                      //SetFlash(2,(9-PswEditIdx));
                      SetFlash(2,15-HBstrlen(StrTabPsw1));
                    #else
 195   4              SetFlash(1,strlen(Disbuf));
 196   4            #endif
 197   4            }
 198   3          }
 199   2          else
 200   2          {
 201   3            DisplayString(1,0,StrTabPsw1);
 202   3            if(PswEditMidx == ((SysStatus != SYS_EDIT_SYSPSW)?1:0))
 203   3            {
 204   4            #ifdef LANGUAGE_HB  
                      //SetFlash(2,9);
                      SetFlash(2,15-HBstrlen(StrTabPsw1));
                    #else
 208   4              SetFlash(1,strlen(StrTabPsw1));
 209   4            #endif
 210   4            }
 211   3          }
 212   2          if(SysStatus != SYS_INPUT_PSW)
 213   2          {
 214   3            if(pItem->Psw2 > 0)
 215   3            {
 216   4      //        sprintf(Disbuf,"%s%lu",StrTabPsw2,pItem->Psw2);
 217   4      //        DisplayString((SysStatus != SYS_EDIT_SYSPSW)?3:2,0,Disbuf);
 218   4              sprintf(Disbuf,"%s%",StrTabPsw2);
 219   4              tmp = PswEditItem.Psw2;
 220   4              for(i=0;(tmp > 0);i++)
 221   4              {
 222   5                Disbuf[strlen(StrTabPsw2)+i] = '*';
 223   5                tmp /= 10;
 224   5              }
 225   4              Disbuf[strlen(StrTabPsw2)+i] = 0;
 226   4              DisplayString(2,0,StrTabPsw3);
 227   4              DisplayString(3,0,Disbuf);
 228   4              if(PswEditMidx == ((SysStatus != SYS_EDIT_SYSPSW)?2:1))
 229   4              {
 230   5              #ifdef LANGUAGE_HB  
                        //SetFlash(3,(11-PswEditIdx));
                        SetFlash(3,15-HBstrlen(StrTabPsw2));
                      #else
 234   5                SetFlash(3,strlen(Disbuf));
 235   5              #endif
 236   5              }
 237   4            }
 238   3            else
C51 COMPILER V9.57.0.0   UNLOCKPASSWORD                                                    08/04/2022 14:16:59 PAGE 5   

 239   3            {
 240   4              DisplayString(2,0,StrTabPsw3);
 241   4              DisplayString(3,0,StrTabPsw2);
 242   4              if(PswEditMidx == ((SysStatus != SYS_EDIT_SYSPSW)?2:1))
 243   4              {
 244   5              #ifdef LANGUAGE_HB  
                        //SetFlash(3,11);
                        SetFlash(3,15-HBstrlen(StrTabPsw2));
                      #else
 248   5                SetFlash(3,strlen(StrTabPsw2));
 249   5              #endif
 250   5              }
 251   4            }
 252   3          }
 253   2        }
 254   1      }
 255          
 256          void EditPswCon(void)
 257          {
 258   1        ClearBuf((uint8_t *)&PswEditItem,sizeof(PswEditType));
 259   1        PswEditMidx = 0;
 260   1        PswEditIdx = 0;
 261   1        SysStatus = SYS_EDIT_PSW;
 262   1        ShowPsw(&PswEditItem,true);
 263   1      }
 264          
 265          void PswEditKey(uint8_t key)
 266          {
 267   1        uint16_t tmp;
 268   1        PswItemType tmpItem;
 269   1        static bool Saved = false;
 270   1        if(key == KEY_SURE)
 271   1        {
 272   2          if(PswEditMidx == 3)
 273   2          {
 274   3            if(Saved)
 275   3            {
 276   4              ClearBuf((uint8_t *)&PswEditItem,sizeof(PswEditItem));
 277   4              PswEditIdx = 0;
 278   4            }
 279   3            else
 280   3            {
 281   4              if((PswEditItem.Room > 0)
 282   4                && (PswEditItem.Psw1 != 0)
 283   4                && (PswEditItem.Psw1 == PswEditItem.Psw2))
 284   4              {
 285   5                tmpItem.Room = PswEditItem.Room;
 286   5                tmpItem.Psw = PswEditItem.Psw1;
 287   5                if(AddPswItem(&tmpItem) != 0xFFFF)
 288   5                {
 289   6                  ShowSaveOK();
 290   6                }
 291   5                else
 292   5                {
 293   6                  ShowErr();
 294   6                }
 295   5                ClearBuf((uint8_t *)&PswEditItem,sizeof(PswEditItem));
 296   5                Saved = true;
 297   5                PswEditItem.Psw1 = 0;
 298   5                PswEditItem.Psw2 = 0;
 299   5              }
 300   4              else
C51 COMPILER V9.57.0.0   UNLOCKPASSWORD                                                    08/04/2022 14:16:59 PAGE 6   

 301   4              {
 302   5                ShowErr();
 303   5              }
 304   4              return;
 305   4            }
 306   3          }
 307   2          PswEditMidx++;
 308   2          PswEditMidx %= 4;
 309   2          PswEditIdx = 0;
 310   2          switch(PswEditMidx)
 311   2          {
 312   3            case 0:
 313   3              PswEditMidx = 0;
 314   3              tmp = PswEditItem.Room;
 315   3              while(tmp > 0)
 316   3              {
 317   4                PswEditIdx++;
 318   4                tmp /= 10;
 319   4              }
 320   3              break;
 321   3            case 1:
 322   3              PswEditItem.Psw1 = 0;
 323   3              PswEditIdx = 0;
 324   3      //        tmp = PswEditItem.Psw1;
 325   3      //        while(tmp > 0)
 326   3      //        {
 327   3      //          PswEditIdx++;
 328   3      //          tmp /= 10;
 329   3      //        }
 330   3              break;
 331   3            case 2:
 332   3              PswEditItem.Psw2 = 0;
 333   3              PswEditIdx = 0;
 334   3      //        tmp = PswEditItem.Psw2;
 335   3      //        while(tmp > 0)
 336   3      //        {
 337   3      //          PswEditIdx++;
 338   3      //          tmp /= 10;
 339   3      //        }
 340   3              break;
 341   3            case 3:
 342   3              ShowConfirmSave();
 343   3              Saved = false;
 344   3              return;
 345   3          }
 346   2        }
 347   1        else if(key == KEY_DEL)
 348   1        {
 349   2          switch(PswEditMidx)
 350   2          {
 351   3            case 0:
 352   3              if(PswEditIdx > 0)
 353   3              {
 354   4                PswEditIdx--;
 355   4                PswEditItem.Room /= 10;
 356   4              }
 357   3              else
 358   3              {
 359   4                PswSetCon();
 360   4                return;
 361   4              }
 362   3              break;
C51 COMPILER V9.57.0.0   UNLOCKPASSWORD                                                    08/04/2022 14:16:59 PAGE 7   

 363   3            case 1:
 364   3              if(PswEditIdx > 0)
 365   3              {
 366   4                PswEditIdx--;
 367   4                PswEditItem.Psw1 /= 10;
 368   4              }
 369   3              else
 370   3              {
 371   4                PswEditMidx--;
 372   4                PswEditIdx = 0;
 373   4                tmp = PswEditItem.Room;
 374   4                while(tmp > 0)
 375   4                {
 376   5                  PswEditIdx++;
 377   5                  tmp /= 10;
 378   5                }
 379   4              }
 380   3              break;
 381   3            case 2:
 382   3              if(PswEditIdx > 0)
 383   3              {
 384   4                PswEditIdx--;
 385   4                PswEditItem.Psw2 /= 10;
 386   4              }
 387   3              else
 388   3              {
 389   4                PswEditMidx--;
 390   4                PswEditIdx = 0;
 391   4                tmp = PswEditItem.Psw1;
 392   4                while(tmp > 0)
 393   4                {
 394   5                  PswEditIdx++;
 395   5                  tmp /= 10;
 396   5                }
 397   4              }
 398   3              break;
 399   3            case 3:
 400   3              PswEditMidx = 0;
 401   3              PswEditIdx = 0;
 402   3              tmp = PswEditItem.Room;
 403   3              while(tmp > 0)
 404   3              {
 405   4                PswEditIdx++;
 406   4                tmp /= 10;
 407   4              }
 408   3              break;
 409   3          }
 410   2        }
 411   1        else if(key == KEY_BELL)
 412   1        {
 413   2          PswSetCon();
 414   2          return;
 415   2        }
 416   1      
 417   1        if((key >= 0) && (key <= 9))
 418   1        {
 419   2          switch(PswEditMidx)
 420   2          {
 421   3            case 0:
 422   3              if(PswEditIdx < 4)
 423   3              {
 424   4                PswEditItem.Room *= 10;
C51 COMPILER V9.57.0.0   UNLOCKPASSWORD                                                    08/04/2022 14:16:59 PAGE 8   

 425   4                PswEditItem.Room += key;
 426   4                PswEditIdx++;
 427   4                if(PswEditItem.Room > PSW_COUNT)
 428   4                {
 429   5                  PswEditItem.Room = key;
 430   5                  PswEditIdx = 0;
 431   5                }
 432   4              }
 433   3              if(PswEditItem.Room == 0)
 434   3              {
 435   4                PswEditIdx = 0;
 436   4              }
 437   3              break;
 438   3            case 1:
 439   3              if(PswEditIdx < 4)
 440   3              {
 441   4                PswEditItem.Psw1 *= 10;
 442   4                PswEditItem.Psw1 += key;
 443   4                PswEditIdx++;
 444   4              }
 445   3              if(PswEditItem.Psw1 == 0)
 446   3              {
 447   4                PswEditIdx = 0;
 448   4              }
 449   3              break;
 450   3            case 2:
 451   3              if(PswEditIdx < 4)
 452   3              {
 453   4                PswEditItem.Psw2 *= 10;
 454   4                PswEditItem.Psw2 += key;
 455   4                PswEditIdx++;
 456   4              }
 457   3              if(PswEditItem.Psw2 == 0)
 458   3              {
 459   4                PswEditIdx = 0;
 460   4              }
 461   3              break;
 462   3          }
 463   2        }
 464   1        ShowPsw(&PswEditItem,true);
 465   1      }
 466          
 467          void DeletePswCon(void)
 468          {
 469   1        ClearBuf((uint8_t *)&PswEditItem,sizeof(PswEditType));
 470   1        PswEditMidx = 0;
 471   1        PswEditIdx = 0;
 472   1        SysStatus = SYS_DEL_PSW;
 473   1        ShowPsw(&PswEditItem,false);
 474   1      }
 475          
 476          void PswDeleteKey(uint8_t key)
 477          {
 478   1        uint16_t tmp;
 479   1        static bool Saved = false;
 480   1        if(key == KEY_SURE)
 481   1        {
 482   2          if(PswEditMidx == 1)
 483   2          {
 484   3            if(Saved)
 485   3            {
 486   4              ClearBuf((uint8_t *)&PswEditItem,sizeof(PswEditItem));
C51 COMPILER V9.57.0.0   UNLOCKPASSWORD                                                    08/04/2022 14:16:59 PAGE 9   

 487   4              PswEditIdx = 0;
 488   4            }
 489   3            else
 490   3            {
 491   4              if(PswEditItem.Room > 0)
 492   4              {
 493   5                DelPswByRoom(PswEditItem.Room);
 494   5                ClearBuf((uint8_t *)&PswEditItem,sizeof(PswEditItem));
 495   5                Saved = true;
 496   5                ShowDeleteOK();
 497   5              }
 498   4              return;
 499   4            }
 500   3          }
 501   2          PswEditMidx++;
 502   2          PswEditMidx %= 2;
 503   2          PswEditIdx = 0;
 504   2          switch(PswEditMidx)
 505   2          {
 506   3            case 0:
 507   3              PswEditIdx = 0;
 508   3              tmp = PswEditItem.Room;
 509   3              while(tmp > 0)
 510   3              {
 511   4                PswEditIdx++;
 512   4                tmp /= 10;
 513   4              }
 514   3              break;
 515   3            case 1:
 516   3              ShowConfirmDel();
 517   3              Saved = false;
 518   3              return;
 519   3          }
 520   2        }
 521   1        else if(key == KEY_DEL)
 522   1        {
 523   2          switch(PswEditMidx)
 524   2          {
 525   3            case 0:
 526   3              if(PswEditIdx > 0)
 527   3              {
 528   4                PswEditIdx--;
 529   4                PswEditItem.Room /= 10;
 530   4              }
 531   3              else
 532   3              {
 533   4                PswSetCon();
 534   4                return;
 535   4              }
 536   3              break;
 537   3            case 1:
 538   3              PswEditMidx = 0;
 539   3              PswEditIdx = 0;
 540   3              tmp = PswEditItem.Room;
 541   3              while(tmp > 0)
 542   3              {
 543   4                PswEditIdx++;
 544   4                tmp /= 10;
 545   4              }
 546   3              break;
 547   3          }
 548   2        }
C51 COMPILER V9.57.0.0   UNLOCKPASSWORD                                                    08/04/2022 14:16:59 PAGE 10  

 549   1        else if(key == KEY_BELL)
 550   1        {
 551   2          PswSetCon();
 552   2          return;
 553   2        }
 554   1      
 555   1        if((key >= 0) && (key <= 9))
 556   1        {
 557   2          switch(PswEditMidx)
 558   2          {
 559   3            case 0:
 560   3              if(PswEditIdx < 4)
 561   3              {
 562   4                PswEditItem.Room *= 10;
 563   4                PswEditItem.Room += key;
 564   4                PswEditIdx++;
 565   4                if(PswEditItem.Room > PSW_COUNT)
 566   4                {
 567   5                  PswEditItem.Room = key;
 568   5                  PswEditIdx = 0;
 569   5                }
 570   4              }
 571   3              if(PswEditItem.Room == 0)
 572   3              {
 573   4                PswEditIdx = 0;
 574   4              }
 575   3              break;
 576   3          }
 577   2        }
 578   1        ShowPsw(&PswEditItem,false);
 579   1      }
 580          
 581          void DeleteAllPswCon(void)
 582          {
 583   1        SysStatus = SYS_DEL_ALLPSW;
 584   1        LcdClear();
 585   1        DisplayString(1,0,StrTabDelAllPsw);
 586   1      }
 587          void PswDelAllKey(uint8_t key)
 588          {
 589   1        switch(key)
 590   1        {
 591   2          case KEY_SURE:
 592   2            ClearPsw();
 593   2            ShowDeleteOK();
 594   2            break;
 595   2          case KEY_BELL:
 596   2          case KEY_DEL:
 597   2            PswSetCon();
 598   2            break;
 599   2        }
 600   1      }
 601          
 602          void PswSetCon(void)
 603          {
 604   1        uint8_t Disbuf[10];
 605   1        
 606   1        SysStatus = SYS_SET_PSW;
 607   1        
 608   1        LcdClear();
 609   1        DisplayString(0,0,StrTabPswSet1);
 610   1        DisplayString(1,0,StrTabPswSet2);
C51 COMPILER V9.57.0.0   UNLOCKPASSWORD                                                    08/04/2022 14:16:59 PAGE 11  

 611   1        DisplayString(2,0,StrTabPswSet3);
 612   1        DisplayString(3,0,StrTabListCount);
 613   1        sprintf(Disbuf,"%u",UsrPara.PswCount);
 614   1        #ifdef LANGUAGE_HB
                DisplayString(3,15-HBstrlen(StrTabListCount)-strlen(Disbuf),Disbuf);  
                #else
 617   1        DisplayString(3,6,Disbuf);  
 618   1        #endif
 619   1      }
 620          
 621          void PswSetKey(uint8_t key)
 622          {
 623   1        switch(key)
 624   1        {
 625   2          case 1:
 626   2            EditPswCon();
 627   2            break;
 628   2          case 2:
 629   2            DeletePswCon();
 630   2            break;
 631   2          case 3:
 632   2            DeleteAllPswCon();
 633   2            break;
 634   2          case KEY_DEL:
 635   2          case KEY_BELL:
 636   2            SysSettingCon();
 637   2            break;
 638   2        }
 639   1      }
 640          
 641          void InputPswCon(void)
 642          {
 643   1        ClearBuf((uint8_t *)&PswEditItem,sizeof(PswEditType));
 644   1        PswEditMidx = 1;
 645   1        PswEditIdx = 0;
 646   1        SysStatus = SYS_INPUT_PSW;
 647   1        ShowPsw(&PswEditItem,true);
 648   1        //MP3_StartPlay(MP3_InputRoom);
 649   1        MP3_StartPlay(MP3_InputPsw);
 650   1      }
 651          
 652          void PswInputKey(uint8_t key)
 653          {
 654   1        if(key == KEY_DEL)
 655   1        {
 656   2          switch(PswEditMidx)
 657   2          {
 658   3      //      case 0:
 659   3      //        if(PswEditIdx > 0)
 660   3      //        {
 661   3      //          PswEditIdx--;
 662   3      //          PswEditItem.Room /= 10;
 663   3      //        }
 664   3      //        else
 665   3      //        {
 666   3      //        #ifdef PWM_AUDIO
 667   3      //          MP3_Stop();
 668   3      //        #endif
 669   3      //          SysIdleCon();
 670   3      //          return;
 671   3      //        }
 672   3      //        break;
C51 COMPILER V9.57.0.0   UNLOCKPASSWORD                                                    08/04/2022 14:16:59 PAGE 12  

 673   3            case 1:
 674   3              if(PswEditIdx > 0)
 675   3              {
 676   4                PswEditIdx--;
 677   4                PswEditItem.Psw1 /= 10;
 678   4              }
 679   3              else
 680   3              {
 681   4      //          PswEditMidx--;
 682   4      //          PswEditIdx = 0;
 683   4      //          tmp = PswEditItem.Room;
 684   4      //          while(tmp > 0)
 685   4      //          {
 686   4      //            PswEditIdx++;
 687   4      //            tmp /= 10;
 688   4      //          }
 689   4                SysIdleCon();
 690   4                return;
 691   4              }
 692   3              break;
 693   3          }
 694   2        }
 695   1        else if(key == KEY_BELL)
 696   1        {
 697   2          SysIdleCon();
 698   2          return;
 699   2        }
 700   1      
 701   1        if((key >= 0) && (key <= 9))
 702   1        {
 703   2          switch(PswEditMidx)
 704   2          {
 705   3      //      case 0:
 706   3      //        if(PswEditIdx < 4)
 707   3      //        {
 708   3      //          PswEditItem.Room *= 10;
 709   3      //          PswEditItem.Room += key;
 710   3      //          PswEditIdx++;
 711   3      //        }
 712   3      //        if(PswEditItem.Room == 0)
 713   3      //        {
 714   3      //          PswEditIdx = 0;
 715   3      //        }
 716   3      //        break;
 717   3            case 1:
 718   3              if(PswEditIdx < 4)
 719   3              {
 720   4                PswEditItem.Psw1 *= 10;
 721   4                PswEditItem.Psw1 += key;
 722   4                PswEditIdx++;
 723   4              }
 724   3              if(PswEditItem.Psw1 == 0)
 725   3              {
 726   4                PswEditIdx = 0;
 727   4              }
 728   3              
 729   3      //        if((PswEditItem.Room > 0)
 730   3      //          && (PswEditIdx == 4))
 731   3              if(PswEditIdx == 4)
 732   3              {
 733   4                //if(GetPswByRoom(PswEditItem.Room,&tmpItem) != 0xFFFF)
 734   4                {
C51 COMPILER V9.57.0.0   UNLOCKPASSWORD                                                    08/04/2022 14:16:59 PAGE 13  

 735   5                  //if(tmpItem.Psw == PswEditItem.Psw1)
 736   5                  if(CheckPsw(PswEditItem.Psw1))
 737   5                  {
 738   6                    Unlock(0,SysPara.RealyTime,true);
 739   6                    IdleTime = 5;
 740   6                    PswEditItem.Psw1 = 0;
 741   6                    PswEditItem.Room = 0;
 742   6                    PswEditIdx = 0;
 743   6                    PswEditMidx = 1;
 744   6                    return;
 745   6                  }
 746   5                  else
 747   5                  {
 748   6                    PswEditItem.Psw1 = 0;
 749   6                    PswEditIdx = 0;
 750   6                    PswEditMidx = 1;
 751   6                    ShowErr();
 752   6                    MP3_StartPlay(MP3_PwdErr);
 753   6                    IdleTime = 5;
 754   6                  }
 755   5                }
 756   4      //          else
 757   4      //          {
 758   4      //            PswEditItem.Psw1 = 0;
 759   4      //            PswEditItem.Room = 0;
 760   4      //            PswEditIdx = 0;
 761   4      //            MP3_StartPlay(MP3_RoomErr);
 762   4      //            IdleTime = 5;
 763   4      //          }
 764   4                
 765   4                return;
 766   4              }
 767   3              break;
 768   3          }
 769   2        }
 770   1        ShowPsw(&PswEditItem,true);
 771   1      }
 772          
 773          
 774          void EditSysPswCon(void)
 775          {
 776   1        ClearBuf((uint8_t *)&PswEditItem,sizeof(PswEditType));
 777   1        PswEditMidx = 0;
 778   1        PswEditIdx = 0;
 779   1        SysStatus = SYS_EDIT_SYSPSW;
 780   1        ShowPsw(&PswEditItem,true);
 781   1      }
 782          void SaveSysPsw(void)
 783          {
 784   1        writeBuf_at24c02(SYS_PARA_ADDR+((uint16_t)((uint32_t)(&SysPara.SysPsw)-(uint32_t)(&SysPara))), (uint8_t *
             -)&SysPara.SysPsw,sizeof(SysPara.SysPsw));
 785   1      }
 786          
 787          void SysPswEditKey(uint8_t key)
 788          {
 789   1        uint16_t tmp;
 790   1        static bool Saved = false;
 791   1        if(key == KEY_SURE)
 792   1        {
 793   2          if(PswEditMidx == 2)
 794   2          {
 795   3            if(Saved)
C51 COMPILER V9.57.0.0   UNLOCKPASSWORD                                                    08/04/2022 14:16:59 PAGE 14  

 796   3            {
 797   4              ClearBuf((uint8_t *)&PswEditItem,sizeof(PswEditItem));
 798   4              PswEditIdx = 0;
 799   4            }
 800   3            else
 801   3            {
 802   4              if((PswEditItem.Psw1 != 0)
 803   4                && (PswEditItem.Psw1 == PswEditItem.Psw2))
 804   4              {
 805   5                SysPara.SysPsw= PswEditItem.Psw1;
 806   5                SaveSysPsw();
 807   5                ShowSaveOK();
 808   5                ClearBuf((uint8_t *)&PswEditItem,sizeof(PswEditItem));
 809   5                Saved = true;
 810   5                PswEditItem.Psw1 = 0;
 811   5                PswEditItem.Psw2 = 0;
 812   5              }
 813   4              else
 814   4              {
 815   5                PswEditItem.Psw1 = 0;
 816   5                PswEditItem.Psw2 = 0;
 817   5                ShowErr();
 818   5              }
 819   4              return;
 820   4            }
 821   3          }
 822   2          if((PswEditMidx == 1) && (PswEditIdx != 6))
 823   2          {
 824   3            return;
 825   3          }
 826   2          PswEditMidx++;
 827   2          PswEditMidx %= 3;
 828   2          PswEditIdx = 0;
 829   2          switch(PswEditMidx)
 830   2          {
 831   3            case 0:
 832   3              PswEditItem.Psw1 = 0;
 833   3              PswEditIdx = 0;
 834   3              break;
 835   3            case 1:
 836   3              PswEditItem.Psw2 = 0;
 837   3              PswEditIdx = 0;
 838   3              break;
 839   3            case 2:
 840   3              ShowConfirmSave();
 841   3              Saved = false;
 842   3              return;
 843   3          }
 844   2        }
 845   1        else if(key == KEY_DEL)
 846   1        {
 847   2          switch(PswEditMidx)
 848   2          {
 849   3            case 0:
 850   3              if(PswEditIdx > 0)
 851   3              {
 852   4                PswEditIdx--;
 853   4                PswEditItem.Psw1 /= 10;
 854   4              }
 855   3              else
 856   3              {
 857   4                SysSettingCon();
C51 COMPILER V9.57.0.0   UNLOCKPASSWORD                                                    08/04/2022 14:16:59 PAGE 15  

 858   4                return;
 859   4              }
 860   3              break;
 861   3            case 1:
 862   3              if(PswEditIdx > 0)
 863   3              {
 864   4                PswEditIdx--;
 865   4                PswEditItem.Psw2 /= 10;
 866   4              }
 867   3              else
 868   3              {
 869   4                PswEditMidx--;
 870   4                PswEditIdx = 0;
 871   4                tmp = PswEditItem.Psw1;
 872   4                while(tmp > 0)
 873   4                {
 874   5                  PswEditIdx++;
 875   5                  tmp /= 10;
 876   5                }
 877   4              }
 878   3              break;
 879   3            case 2:
 880   3              PswEditMidx = 0;
 881   3              PswEditIdx = 0;
 882   3              break;
 883   3          }
 884   2        }
 885   1        else if(key == KEY_BELL)
 886   1        {
 887   2          SysSettingCon();
 888   2          return;
 889   2        }
 890   1      
 891   1        if((key >= 0) && (key <= 9))
 892   1        {
 893   2          switch(PswEditMidx)
 894   2          {
 895   3            case 0:
 896   3              if(PswEditIdx < 6)
 897   3              {
 898   4                PswEditItem.Psw1 *= 10;
 899   4                PswEditItem.Psw1 += key;
 900   4                PswEditIdx++;
 901   4              }
 902   3              if(PswEditItem.Psw1 == 0)
 903   3              {
 904   4                PswEditIdx = 0;
 905   4              }
 906   3              break;
 907   3            case 1:
 908   3              if(PswEditIdx < 6)
 909   3              {
 910   4                PswEditItem.Psw2 *= 10;
 911   4                PswEditItem.Psw2 += key;
 912   4                PswEditIdx++;
 913   4              }
 914   3              if(PswEditItem.Psw2 == 0)
 915   3              {
 916   4                PswEditIdx = 0;
 917   4              }
 918   3              break;
 919   3          }
C51 COMPILER V9.57.0.0   UNLOCKPASSWORD                                                    08/04/2022 14:16:59 PAGE 16  

 920   2        }
 921   1        ShowPsw(&PswEditItem,true);
 922   1      }
 923          


MODULE INFORMATION:   STATIC OVERLAYABLE
   CODE SIZE        =   4231    ----
   CONSTANT SIZE    =     41    ----
   XDATA SIZE       =     12      83
   PDATA SIZE       =   ----    ----
   DATA SIZE        =   ----    ----
   IDATA SIZE       =   ----    ----
   BIT SIZE         =      3       1
END OF MODULE INFORMATION.


C51 COMPILATION COMPLETE.  0 WARNING(S),  0 ERROR(S)
